2020-10-06 22:12:37,276 INFO LoadGenerator [main] Starting generate loads with LoadWorker
2020-10-06 22:12:37,286 INFO LoadGenerator [Thread-64] Starting generate loads with LoadWorker
2020-10-06 22:12:37,335 INFO LoadWorker [Thread-85] LoadWorkerstarting to create loads.
2020-10-06 22:12:37,335 INFO LoadWorker [Thread-14] LoadWorkerstarting to create loads.
2020-10-06 22:12:37,336 INFO LoadWorker [Thread-61] LoadWorkerstarting to create loads.
2020-10-06 22:12:37,336 INFO LoadWorker [Thread-99] LoadWorkerstarting to create loads.
2020-10-06 22:12:37,336 INFO LoadWorker [Thread-11] LoadWorkerstarting to create loads.
2020-10-06 22:12:37,336 INFO LoadWorker [Thread-121] LoadWorkerstarting to create loads.
2020-10-06 22:12:37,336 INFO LoadWorker [Thread-106] LoadWorkerstarting to create loads.
2020-10-06 22:12:37,336 INFO LoadWorker [Thread-112] LoadWorkerstarting to create loads.
2020-10-06 22:12:37,336 INFO LoadWorker [Thread-101] LoadWorkerstarting to create loads.
2020-10-06 22:12:37,335 INFO LoadWorker [Thread-24] LoadWorkerstarting to create loads.
2020-10-06 22:12:37,336 INFO LoadWorker [Thread-94] LoadWorkerstarting to create loads.
2020-10-06 22:12:37,337 INFO LoadWorker [Thread-45] LoadWorkerstarting to create loads.
2020-10-06 22:12:37,335 INFO LoadWorker [Thread-30] LoadWorkerstarting to create loads.
2020-10-06 22:12:37,337 INFO LoadWorker [Thread-123] LoadWorkerstarting to create loads.
2020-10-06 22:12:37,335 INFO LoadWorker [Thread-96] LoadWorkerstarting to create loads.
2020-10-06 22:12:37,337 INFO LoadWorker [Thread-118] LoadWorkerstarting to create loads.
2020-10-06 22:12:37,337 INFO LoadWorker [Thread-70] LoadWorkerstarting to create loads.
2020-10-06 22:12:37,336 INFO LoadWorker [Thread-80] LoadWorkerstarting to create loads.
2020-10-06 22:12:37,335 INFO LoadWorker [Thread-10] LoadWorkerstarting to create loads.
2020-10-06 22:12:37,335 INFO LoadWorker [Thread-117] LoadWorkerstarting to create loads.
2020-10-06 22:12:37,338 INFO LoadWorker [Thread-16] LoadWorkerstarting to create loads.
2020-10-06 22:12:37,338 INFO LoadWorker [Thread-3] LoadWorkerstarting to create loads.
2020-10-06 22:12:37,338 INFO LoadWorker [Thread-89] LoadWorkerstarting to create loads.
2020-10-06 22:12:37,338 INFO LoadWorker [Thread-60] LoadWorkerstarting to create loads.
2020-10-06 22:12:37,338 INFO LoadWorker [Thread-20] LoadWorkerstarting to create loads.
2020-10-06 22:12:37,336 INFO LoadWorker [Thread-17] LoadWorkerstarting to create loads.
2020-10-06 22:12:37,338 INFO LoadWorker [Thread-34] LoadWorkerstarting to create loads.
2020-10-06 22:12:37,335 INFO LoadWorker [Thread-120] LoadWorkerstarting to create loads.
2020-10-06 22:12:37,338 INFO LoadWorker [Thread-97] LoadWorkerstarting to create loads.
2020-10-06 22:12:37,335 INFO LoadWorker [Thread-27] LoadWorkerstarting to create loads.
2020-10-06 22:12:37,338 INFO LoadWorker [Thread-108] LoadWorkerstarting to create loads.
2020-10-06 22:12:37,339 INFO LoadWorker [Thread-54] LoadWorkerstarting to create loads.
2020-10-06 22:12:37,336 INFO LoadWorker [Thread-39] LoadWorkerstarting to create loads.
2020-10-06 22:12:37,335 INFO LoadWorker [Thread-88] LoadWorkerstarting to create loads.
2020-10-06 22:12:37,337 INFO LoadWorker [Thread-91] LoadWorkerstarting to create loads.
2020-10-06 22:12:37,339 INFO LoadWorker [Thread-86] LoadWorkerstarting to create loads.
2020-10-06 22:12:37,336 INFO LoadWorker [Thread-51] LoadWorkerstarting to create loads.
2020-10-06 22:12:37,340 INFO LoadWorker [Thread-57] LoadWorkerstarting to create loads.
2020-10-06 22:12:37,340 INFO LoadWorker [Thread-49] LoadWorkerstarting to create loads.
2020-10-06 22:12:37,337 INFO LoadWorker [Thread-36] LoadWorkerstarting to create loads.
2020-10-06 22:12:37,339 INFO LoadWorker [Thread-37] LoadWorkerstarting to create loads.
2020-10-06 22:12:37,336 INFO LoadWorker [Thread-6] LoadWorkerstarting to create loads.
2020-10-06 22:12:37,337 INFO LoadWorker [Thread-126] LoadWorkerstarting to create loads.
2020-10-06 22:12:37,339 INFO LoadWorker [Thread-12] LoadWorkerstarting to create loads.
2020-10-06 22:12:37,340 INFO LoadWorker [Thread-29] LoadWorkerstarting to create loads.
2020-10-06 22:12:37,341 INFO LoadWorker [Thread-68] LoadWorkerstarting to create loads.
2020-10-06 22:12:37,336 INFO LoadWorker [Thread-69] LoadWorkerstarting to create loads.
2020-10-06 22:12:37,335 INFO LoadWorker [Thread-28] LoadWorkerstarting to create loads.
2020-10-06 22:12:37,341 INFO LoadWorker [Thread-102] LoadWorkerstarting to create loads.
2020-10-06 22:12:37,341 INFO LoadWorker [Thread-32] LoadWorkerstarting to create loads.
2020-10-06 22:12:37,341 INFO LoadWorker [Thread-82] LoadWorkerstarting to create loads.
2020-10-06 22:12:37,341 INFO LoadWorker [Thread-58] LoadWorkerstarting to create loads.
2020-10-06 22:12:37,341 INFO LoadWorker [Thread-113] LoadWorkerstarting to create loads.
2020-10-06 22:12:37,342 INFO LoadWorker [Thread-55] LoadWorkerstarting to create loads.
2020-10-06 22:12:37,339 INFO LoadWorker [Thread-103] LoadWorkerstarting to create loads.
2020-10-06 22:12:37,342 INFO LoadWorker [Thread-105] LoadWorkerstarting to create loads.
2020-10-06 22:12:37,340 INFO LoadWorker [Thread-1] LoadWorkerstarting to create loads.
2020-10-06 22:12:37,336 INFO LoadWorker [Thread-21] LoadWorkerstarting to create loads.
2020-10-06 22:12:37,342 INFO LoadWorker [Thread-53] LoadWorkerstarting to create loads.
2020-10-06 22:12:37,342 INFO LoadWorker [Thread-41] LoadWorkerstarting to create loads.
2020-10-06 22:12:37,340 INFO LoadWorker [Thread-76] LoadWorkerstarting to create loads.
2020-10-06 22:12:37,341 INFO LoadWorker [Thread-65] LoadWorkerstarting to create loads.
2020-10-06 22:12:37,342 INFO LoadWorker [Thread-42] LoadWorkerstarting to create loads.
2020-10-06 22:12:37,340 INFO LoadWorker [Thread-9] LoadWorkerstarting to create loads.
2020-10-06 22:12:37,343 INFO LoadWorker [Thread-119] LoadWorkerstarting to create loads.
2020-10-06 22:12:37,339 INFO LoadWorker [Thread-0] LoadWorkerstarting to create loads.
2020-10-06 22:12:37,340 INFO LoadWorker [Thread-22] LoadWorkerstarting to create loads.
2020-10-06 22:12:37,341 INFO LoadWorker [Thread-83] LoadWorkerstarting to create loads.
2020-10-06 22:12:37,343 INFO LoadWorker [Thread-5] LoadWorkerstarting to create loads.
2020-10-06 22:12:37,338 INFO LoadWorker [Thread-73] LoadWorkerstarting to create loads.
2020-10-06 22:12:37,343 INFO LoadWorker [Thread-78] LoadWorkerstarting to create loads.
2020-10-06 22:12:37,340 INFO LoadWorker [Thread-31] LoadWorkerstarting to create loads.
2020-10-06 22:12:37,343 INFO LoadWorker [Thread-71] LoadWorkerstarting to create loads.
2020-10-06 22:12:37,344 INFO LoadWorker [Thread-98] LoadWorkerstarting to create loads.
2020-10-06 22:12:37,344 INFO LoadWorker [Thread-25] LoadWorkerstarting to create loads.
2020-10-06 22:12:37,344 INFO LoadWorker [Thread-75] LoadWorkerstarting to create loads.
2020-10-06 22:12:37,344 INFO LoadWorker [Thread-23] LoadWorkerstarting to create loads.
2020-10-06 22:12:37,344 INFO LoadWorker [Thread-100] LoadWorkerstarting to create loads.
2020-10-06 22:12:37,343 INFO LoadWorker [Thread-128] LoadWorkerstarting to create loads.
2020-10-06 22:12:37,344 INFO LoadWorker [Thread-26] LoadWorkerstarting to create loads.
2020-10-06 22:12:37,344 INFO LoadWorker [Thread-125] LoadWorkerstarting to create loads.
2020-10-06 22:12:37,344 INFO LoadWorker [Thread-72] LoadWorkerstarting to create loads.
2020-10-06 22:12:37,339 INFO LoadWorker [Thread-116] LoadWorkerstarting to create loads.
2020-10-06 22:12:37,344 INFO LoadWorker [Thread-40] LoadWorkerstarting to create loads.
2020-10-06 22:12:37,344 INFO LoadWorker [Thread-127] LoadWorkerstarting to create loads.
2020-10-06 22:12:37,344 INFO LoadWorker [Thread-13] LoadWorkerstarting to create loads.
2020-10-06 22:12:37,344 INFO LoadWorker [Thread-111] LoadWorkerstarting to create loads.
2020-10-06 22:12:37,345 INFO LoadWorker [Thread-93] LoadWorkerstarting to create loads.
2020-10-06 22:12:37,345 INFO LoadWorker [Thread-110] LoadWorkerstarting to create loads.
2020-10-06 22:12:37,344 INFO LoadWorker [Thread-7] LoadWorkerstarting to create loads.
2020-10-06 22:12:37,344 INFO LoadWorker [Thread-46] LoadWorkerstarting to create loads.
2020-10-06 22:12:37,345 INFO LoadWorker [Thread-33] LoadWorkerstarting to create loads.
2020-10-06 22:12:37,345 INFO LoadWorker [Thread-43] LoadWorkerstarting to create loads.
2020-10-06 22:12:37,346 INFO LoadWorker [Thread-52] LoadWorkerstarting to create loads.
2020-10-06 22:12:37,343 INFO LoadWorker [Thread-8] LoadWorkerstarting to create loads.
2020-10-06 22:12:37,346 INFO LoadWorker [Thread-90] LoadWorkerstarting to create loads.
2020-10-06 22:12:37,340 INFO LoadWorker [Thread-87] LoadWorkerstarting to create loads.
2020-10-06 22:12:37,341 INFO LoadWorker [Thread-79] LoadWorkerstarting to create loads.
2020-10-06 22:12:37,346 INFO LoadWorker [Thread-50] LoadWorkerstarting to create loads.
2020-10-06 22:12:37,343 INFO LoadWorker [Thread-59] LoadWorkerstarting to create loads.
2020-10-06 22:12:37,346 INFO LoadWorker [Thread-4] LoadWorkerstarting to create loads.
2020-10-06 22:12:37,343 INFO LoadWorker [Thread-124] LoadWorkerstarting to create loads.
2020-10-06 22:12:37,346 INFO LoadWorker [Thread-95] LoadWorkerstarting to create loads.
2020-10-06 22:12:37,343 INFO LoadWorker [Thread-48] LoadWorkerstarting to create loads.
2020-10-06 22:12:37,343 INFO LoadWorker [Thread-107] LoadWorkerstarting to create loads.
2020-10-06 22:12:37,347 INFO LoadWorker [Thread-19] LoadWorkerstarting to create loads.
2020-10-06 22:12:37,347 INFO LoadWorker [Thread-67] LoadWorkerstarting to create loads.
2020-10-06 22:12:37,342 INFO LoadWorker [Thread-63] LoadWorkerstarting to create loads.
2020-10-06 22:12:37,342 INFO LoadWorker [Thread-84] LoadWorkerstarting to create loads.
2020-10-06 22:12:37,347 INFO LoadWorker [Thread-74] LoadWorkerstarting to create loads.
2020-10-06 22:12:37,336 INFO LoadWorker [Thread-56] LoadWorkerstarting to create loads.
2020-10-06 22:12:37,336 INFO LoadWorker [Thread-35] LoadWorkerstarting to create loads.
2020-10-06 22:12:37,341 INFO LoadWorker [Thread-47] LoadWorkerstarting to create loads.
2020-10-06 22:12:37,337 INFO LoadWorker [Thread-122] LoadWorkerstarting to create loads.
2020-10-06 22:12:37,342 INFO LoadWorker [Thread-92] LoadWorkerstarting to create loads.
2020-10-06 22:12:37,347 INFO LoadWorker [Thread-2] LoadWorkerstarting to create loads.
2020-10-06 22:12:37,347 INFO LoadWorker [Thread-38] LoadWorkerstarting to create loads.
2020-10-06 22:12:37,347 INFO LoadWorker [Thread-44] LoadWorkerstarting to create loads.
2020-10-06 22:12:37,346 INFO LoadWorker [Thread-115] LoadWorkerstarting to create loads.
2020-10-06 22:12:37,346 INFO LoadWorker [Thread-66] LoadWorkerstarting to create loads.
2020-10-06 22:12:37,346 INFO LoadWorker [Thread-15] LoadWorkerstarting to create loads.
2020-10-06 22:12:37,347 INFO LoadWorker [Thread-81] LoadWorkerstarting to create loads.
2020-10-06 22:12:37,345 INFO LoadWorker [Thread-62] LoadWorkerstarting to create loads.
2020-10-06 22:12:37,345 INFO LoadWorker [Thread-104] LoadWorkerstarting to create loads.
2020-10-06 22:12:37,342 INFO LoadWorker [Thread-18] LoadWorkerstarting to create loads.
2020-10-06 22:12:37,346 INFO LoadWorker [Thread-77] LoadWorkerstarting to create loads.
2020-10-06 22:12:37,347 INFO LoadWorker [Thread-114] LoadWorkerstarting to create loads.
2020-10-06 22:12:37,345 INFO LoadWorker [Thread-109] LoadWorkerstarting to create loads.
2020-10-06 22:12:38,553 INFO LoadGenerator [Thread-129] Starting generate loads with LoadWorker
2020-10-06 22:12:38,554 INFO LoadWorker [Thread-131] LoadWorkerstarting to create loads.
2020-10-06 22:12:38,554 INFO LoadWorker [Thread-130] LoadWorkerstarting to create loads.
2020-10-06 22:12:38,554 INFO LoadWorker [Thread-132] LoadWorkerstarting to create loads.
2020-10-06 22:12:38,554 INFO LoadWorker [Thread-133] LoadWorkerstarting to create loads.
2020-10-06 22:12:38,555 INFO LoadWorker [Thread-134] LoadWorkerstarting to create loads.
2020-10-06 22:12:38,555 INFO LoadWorker [Thread-135] LoadWorkerstarting to create loads.
2020-10-06 22:12:38,555 INFO LoadWorker [Thread-136] LoadWorkerstarting to create loads.
2020-10-06 22:12:38,555 INFO LoadWorker [Thread-137] LoadWorkerstarting to create loads.
2020-10-06 22:12:38,555 INFO LoadWorker [Thread-138] LoadWorkerstarting to create loads.
2020-10-06 22:12:38,555 INFO LoadWorker [Thread-139] LoadWorkerstarting to create loads.
2020-10-06 22:12:38,555 INFO LoadWorker [Thread-140] LoadWorkerstarting to create loads.
2020-10-06 22:12:38,556 INFO LoadWorker [Thread-141] LoadWorkerstarting to create loads.
2020-10-06 22:12:38,556 INFO LoadWorker [Thread-142] LoadWorkerstarting to create loads.
2020-10-06 22:12:38,556 INFO LoadWorker [Thread-143] LoadWorkerstarting to create loads.
2020-10-06 22:12:38,556 INFO LoadWorker [Thread-144] LoadWorkerstarting to create loads.
2020-10-06 22:12:38,556 INFO LoadWorker [Thread-145] LoadWorkerstarting to create loads.
2020-10-06 22:12:38,556 INFO LoadWorker [Thread-146] LoadWorkerstarting to create loads.
2020-10-06 22:12:38,556 INFO LoadWorker [Thread-147] LoadWorkerstarting to create loads.
2020-10-06 22:12:38,557 INFO LoadWorker [Thread-148] LoadWorkerstarting to create loads.
2020-10-06 22:12:38,557 INFO LoadWorker [Thread-149] LoadWorkerstarting to create loads.
2020-10-06 22:12:38,557 INFO LoadWorker [Thread-150] LoadWorkerstarting to create loads.
2020-10-06 22:12:38,557 INFO LoadWorker [Thread-151] LoadWorkerstarting to create loads.
2020-10-06 22:12:38,557 INFO LoadWorker [Thread-152] LoadWorkerstarting to create loads.
2020-10-06 22:12:38,557 INFO LoadWorker [Thread-153] LoadWorkerstarting to create loads.
2020-10-06 22:12:38,557 INFO LoadWorker [Thread-154] LoadWorkerstarting to create loads.
2020-10-06 22:12:38,557 INFO LoadWorker [Thread-155] LoadWorkerstarting to create loads.
2020-10-06 22:12:38,558 INFO LoadWorker [Thread-156] LoadWorkerstarting to create loads.
2020-10-06 22:12:38,558 INFO LoadWorker [Thread-157] LoadWorkerstarting to create loads.
2020-10-06 22:12:38,558 INFO LoadWorker [Thread-158] LoadWorkerstarting to create loads.
2020-10-06 22:12:38,558 INFO LoadWorker [Thread-160] LoadWorkerstarting to create loads.
2020-10-06 22:12:38,558 INFO LoadWorker [Thread-159] LoadWorkerstarting to create loads.
2020-10-06 22:12:38,558 INFO LoadWorker [Thread-161] LoadWorkerstarting to create loads.
2020-10-06 22:12:38,558 INFO LoadWorker [Thread-162] LoadWorkerstarting to create loads.
2020-10-06 22:12:38,559 INFO LoadWorker [Thread-164] LoadWorkerstarting to create loads.
2020-10-06 22:12:38,558 INFO LoadWorker [Thread-163] LoadWorkerstarting to create loads.
2020-10-06 22:12:38,559 INFO LoadWorker [Thread-165] LoadWorkerstarting to create loads.
2020-10-06 22:12:38,559 INFO LoadWorker [Thread-166] LoadWorkerstarting to create loads.
2020-10-06 22:12:38,559 INFO LoadWorker [Thread-167] LoadWorkerstarting to create loads.
2020-10-06 22:12:38,559 INFO LoadWorker [Thread-168] LoadWorkerstarting to create loads.
2020-10-06 22:12:38,559 INFO LoadWorker [Thread-169] LoadWorkerstarting to create loads.
2020-10-06 22:12:38,559 INFO LoadWorker [Thread-170] LoadWorkerstarting to create loads.
2020-10-06 22:12:38,560 INFO LoadWorker [Thread-171] LoadWorkerstarting to create loads.
2020-10-06 22:12:38,560 INFO LoadWorker [Thread-172] LoadWorkerstarting to create loads.
2020-10-06 22:12:38,560 INFO LoadWorker [Thread-173] LoadWorkerstarting to create loads.
2020-10-06 22:12:38,560 INFO LoadWorker [Thread-174] LoadWorkerstarting to create loads.
2020-10-06 22:12:38,560 INFO LoadWorker [Thread-175] LoadWorkerstarting to create loads.
2020-10-06 22:12:38,560 INFO LoadWorker [Thread-177] LoadWorkerstarting to create loads.
2020-10-06 22:12:38,560 INFO LoadWorker [Thread-176] LoadWorkerstarting to create loads.
2020-10-06 22:12:38,560 INFO LoadWorker [Thread-178] LoadWorkerstarting to create loads.
2020-10-06 22:12:38,561 INFO LoadWorker [Thread-179] LoadWorkerstarting to create loads.
2020-10-06 22:12:38,561 INFO LoadWorker [Thread-180] LoadWorkerstarting to create loads.
2020-10-06 22:12:38,561 INFO LoadWorker [Thread-181] LoadWorkerstarting to create loads.
2020-10-06 22:12:38,561 INFO LoadWorker [Thread-182] LoadWorkerstarting to create loads.
2020-10-06 22:12:38,562 INFO LoadWorker [Thread-183] LoadWorkerstarting to create loads.
2020-10-06 22:12:38,562 INFO LoadWorker [Thread-184] LoadWorkerstarting to create loads.
2020-10-06 22:12:38,562 INFO LoadWorker [Thread-185] LoadWorkerstarting to create loads.
2020-10-06 22:12:38,562 INFO LoadWorker [Thread-186] LoadWorkerstarting to create loads.
2020-10-06 22:12:38,562 INFO LoadWorker [Thread-187] LoadWorkerstarting to create loads.
2020-10-06 22:12:38,562 INFO LoadWorker [Thread-188] LoadWorkerstarting to create loads.
2020-10-06 22:12:38,562 INFO LoadWorker [Thread-189] LoadWorkerstarting to create loads.
2020-10-06 22:12:38,562 INFO LoadWorker [Thread-190] LoadWorkerstarting to create loads.
2020-10-06 22:12:38,563 INFO LoadWorker [Thread-191] LoadWorkerstarting to create loads.
2020-10-06 22:12:38,563 INFO LoadWorker [Thread-192] LoadWorkerstarting to create loads.
2020-10-06 22:12:38,563 INFO LoadWorker [Thread-193] LoadWorkerstarting to create loads.
2020-10-06 22:12:38,563 INFO LoadWorker [Thread-194] LoadWorkerstarting to create loads.
2020-10-06 22:12:38,563 INFO LoadWorker [Thread-195] LoadWorkerstarting to create loads.
2020-10-06 22:12:38,563 INFO LoadWorker [Thread-196] LoadWorkerstarting to create loads.
2020-10-06 22:12:38,563 INFO LoadWorker [Thread-197] LoadWorkerstarting to create loads.
2020-10-06 22:12:38,563 INFO LoadWorker [Thread-198] LoadWorkerstarting to create loads.
2020-10-06 22:12:38,564 INFO LoadWorker [Thread-199] LoadWorkerstarting to create loads.
2020-10-06 22:12:38,564 INFO LoadWorker [Thread-200] LoadWorkerstarting to create loads.
2020-10-06 22:12:38,564 INFO LoadWorker [Thread-201] LoadWorkerstarting to create loads.
2020-10-06 22:12:38,564 INFO LoadWorker [Thread-203] LoadWorkerstarting to create loads.
2020-10-06 22:12:38,564 INFO LoadWorker [Thread-202] LoadWorkerstarting to create loads.
2020-10-06 22:12:38,564 INFO LoadWorker [Thread-204] LoadWorkerstarting to create loads.
2020-10-06 22:12:38,564 INFO LoadWorker [Thread-205] LoadWorkerstarting to create loads.
2020-10-06 22:12:38,564 INFO LoadWorker [Thread-206] LoadWorkerstarting to create loads.
2020-10-06 22:12:38,564 INFO LoadWorker [Thread-207] LoadWorkerstarting to create loads.
2020-10-06 22:12:38,565 INFO LoadWorker [Thread-208] LoadWorkerstarting to create loads.
2020-10-06 22:12:38,565 INFO LoadWorker [Thread-209] LoadWorkerstarting to create loads.
2020-10-06 22:12:38,565 INFO LoadWorker [Thread-210] LoadWorkerstarting to create loads.
2020-10-06 22:12:38,565 INFO LoadWorker [Thread-211] LoadWorkerstarting to create loads.
2020-10-06 22:12:38,565 INFO LoadWorker [Thread-212] LoadWorkerstarting to create loads.
2020-10-06 22:12:38,565 INFO LoadWorker [Thread-213] LoadWorkerstarting to create loads.
2020-10-06 22:12:38,565 INFO LoadWorker [Thread-214] LoadWorkerstarting to create loads.
2020-10-06 22:12:38,565 INFO LoadWorker [Thread-215] LoadWorkerstarting to create loads.
2020-10-06 22:12:38,566 INFO LoadWorker [Thread-216] LoadWorkerstarting to create loads.
2020-10-06 22:12:38,566 INFO LoadWorker [Thread-217] LoadWorkerstarting to create loads.
2020-10-06 22:12:38,566 INFO LoadWorker [Thread-218] LoadWorkerstarting to create loads.
2020-10-06 22:12:38,566 INFO LoadWorker [Thread-219] LoadWorkerstarting to create loads.
2020-10-06 22:12:38,566 INFO LoadWorker [Thread-220] LoadWorkerstarting to create loads.
2020-10-06 22:12:38,566 INFO LoadWorker [Thread-221] LoadWorkerstarting to create loads.
2020-10-06 22:12:38,566 INFO LoadWorker [Thread-222] LoadWorkerstarting to create loads.
2020-10-06 22:12:38,566 INFO LoadWorker [Thread-223] LoadWorkerstarting to create loads.
2020-10-06 22:12:38,566 INFO LoadWorker [Thread-224] LoadWorkerstarting to create loads.
2020-10-06 22:12:38,567 INFO LoadWorker [Thread-225] LoadWorkerstarting to create loads.
2020-10-06 22:12:38,567 INFO LoadWorker [Thread-226] LoadWorkerstarting to create loads.
2020-10-06 22:12:38,567 INFO LoadWorker [Thread-227] LoadWorkerstarting to create loads.
2020-10-06 22:12:38,567 INFO LoadWorker [Thread-228] LoadWorkerstarting to create loads.
2020-10-06 22:12:38,567 INFO LoadWorker [Thread-229] LoadWorkerstarting to create loads.
2020-10-06 22:12:38,567 INFO LoadWorker [Thread-230] LoadWorkerstarting to create loads.
2020-10-06 22:12:38,568 INFO LoadWorker [Thread-231] LoadWorkerstarting to create loads.
2020-10-06 22:12:38,568 INFO LoadWorker [Thread-232] LoadWorkerstarting to create loads.
2020-10-06 22:12:38,568 INFO LoadWorker [Thread-233] LoadWorkerstarting to create loads.
2020-10-06 22:12:38,568 INFO LoadWorker [Thread-234] LoadWorkerstarting to create loads.
2020-10-06 22:12:38,568 INFO LoadWorker [Thread-235] LoadWorkerstarting to create loads.
2020-10-06 22:12:38,569 INFO LoadWorker [Thread-236] LoadWorkerstarting to create loads.
2020-10-06 22:12:38,569 INFO LoadWorker [Thread-237] LoadWorkerstarting to create loads.
2020-10-06 22:12:38,569 INFO LoadWorker [Thread-238] LoadWorkerstarting to create loads.
2020-10-06 22:12:38,569 INFO LoadWorker [Thread-239] LoadWorkerstarting to create loads.
2020-10-06 22:12:38,569 INFO LoadWorker [Thread-240] LoadWorkerstarting to create loads.
2020-10-06 22:12:38,569 INFO LoadWorker [Thread-241] LoadWorkerstarting to create loads.
2020-10-06 22:12:38,569 INFO LoadWorker [Thread-242] LoadWorkerstarting to create loads.
2020-10-06 22:12:38,569 INFO LoadWorker [Thread-243] LoadWorkerstarting to create loads.
2020-10-06 22:12:38,569 INFO LoadWorker [Thread-244] LoadWorkerstarting to create loads.
2020-10-06 22:12:38,570 INFO LoadWorker [Thread-245] LoadWorkerstarting to create loads.
2020-10-06 22:12:38,570 INFO LoadWorker [Thread-246] LoadWorkerstarting to create loads.
2020-10-06 22:12:38,570 INFO LoadWorker [Thread-248] LoadWorkerstarting to create loads.
2020-10-06 22:12:38,570 INFO LoadWorker [Thread-247] LoadWorkerstarting to create loads.
2020-10-06 22:12:38,570 INFO LoadWorker [Thread-249] LoadWorkerstarting to create loads.
2020-10-06 22:12:38,570 INFO LoadWorker [Thread-250] LoadWorkerstarting to create loads.
2020-10-06 22:12:38,570 INFO LoadWorker [Thread-251] LoadWorkerstarting to create loads.
2020-10-06 22:12:38,570 INFO LoadWorker [Thread-252] LoadWorkerstarting to create loads.
2020-10-06 22:12:38,571 INFO LoadWorker [Thread-254] LoadWorkerstarting to create loads.
2020-10-06 22:12:38,570 INFO LoadWorker [Thread-253] LoadWorkerstarting to create loads.
2020-10-06 22:12:38,571 INFO LoadWorker [Thread-255] LoadWorkerstarting to create loads.
2020-10-06 22:12:38,571 INFO LoadWorker [Thread-256] LoadWorkerstarting to create loads.
2020-10-06 22:12:38,571 INFO LoadWorker [Thread-257] LoadWorkerstarting to create loads.
2020-10-06 22:12:38,571 INFO LoadWorker [Thread-258] LoadWorkerstarting to create loads.
2020-10-06 22:12:38,571 INFO LoadWorker [Thread-259] LoadWorkerstarting to create loads.
2020-10-06 22:12:38,571 INFO LoadWorker [Thread-260] LoadWorkerstarting to create loads.
2020-10-06 22:12:38,571 INFO LoadWorker [Thread-261] LoadWorkerstarting to create loads.
2020-10-06 22:12:38,572 INFO LoadWorker [Thread-262] LoadWorkerstarting to create loads.
2020-10-06 22:12:38,572 INFO LoadWorker [Thread-263] LoadWorkerstarting to create loads.
2020-10-06 22:12:38,572 INFO LoadWorker [Thread-264] LoadWorkerstarting to create loads.
2020-10-06 22:12:38,572 INFO LoadWorker [Thread-265] LoadWorkerstarting to create loads.
2020-10-06 22:12:38,572 INFO LoadWorker [Thread-266] LoadWorkerstarting to create loads.
2020-10-06 22:12:38,572 INFO LoadWorker [Thread-267] LoadWorkerstarting to create loads.
2020-10-06 22:12:38,572 INFO LoadWorker [Thread-268] LoadWorkerstarting to create loads.
2020-10-06 22:12:38,573 INFO LoadWorker [Thread-269] LoadWorkerstarting to create loads.
2020-10-06 22:12:38,573 INFO LoadWorker [Thread-270] LoadWorkerstarting to create loads.
2020-10-06 22:12:38,573 INFO LoadWorker [Thread-271] LoadWorkerstarting to create loads.
2020-10-06 22:12:38,573 INFO LoadWorker [Thread-272] LoadWorkerstarting to create loads.
2020-10-06 22:12:38,573 INFO LoadWorker [Thread-273] LoadWorkerstarting to create loads.
2020-10-06 22:12:38,573 INFO LoadWorker [Thread-274] LoadWorkerstarting to create loads.
2020-10-06 22:12:38,573 INFO LoadWorker [Thread-275] LoadWorkerstarting to create loads.
2020-10-06 22:12:38,573 INFO LoadWorker [Thread-276] LoadWorkerstarting to create loads.
2020-10-06 22:12:38,574 INFO LoadWorker [Thread-277] LoadWorkerstarting to create loads.
2020-10-06 22:12:38,574 INFO LoadWorker [Thread-278] LoadWorkerstarting to create loads.
2020-10-06 22:12:38,574 INFO LoadWorker [Thread-279] LoadWorkerstarting to create loads.
2020-10-06 22:12:38,574 INFO LoadWorker [Thread-280] LoadWorkerstarting to create loads.
2020-10-06 22:12:38,574 INFO LoadWorker [Thread-281] LoadWorkerstarting to create loads.
2020-10-06 22:12:38,574 INFO LoadWorker [Thread-282] LoadWorkerstarting to create loads.
2020-10-06 22:12:38,574 INFO LoadWorker [Thread-283] LoadWorkerstarting to create loads.
2020-10-06 22:12:38,574 INFO LoadWorker [Thread-284] LoadWorkerstarting to create loads.
2020-10-06 22:12:38,575 INFO LoadWorker [Thread-285] LoadWorkerstarting to create loads.
2020-10-06 22:12:38,575 INFO LoadWorker [Thread-286] LoadWorkerstarting to create loads.
2020-10-06 22:12:38,575 INFO LoadWorker [Thread-287] LoadWorkerstarting to create loads.
2020-10-06 22:12:38,575 INFO LoadWorker [Thread-288] LoadWorkerstarting to create loads.
2020-10-06 22:12:38,575 INFO LoadWorker [Thread-289] LoadWorkerstarting to create loads.
2020-10-06 22:12:38,575 INFO LoadWorker [Thread-290] LoadWorkerstarting to create loads.
2020-10-06 22:12:38,575 INFO LoadWorker [Thread-291] LoadWorkerstarting to create loads.
2020-10-06 22:12:38,575 INFO LoadWorker [Thread-292] LoadWorkerstarting to create loads.
2020-10-06 22:12:38,575 INFO LoadWorker [Thread-293] LoadWorkerstarting to create loads.
2020-10-06 22:12:38,575 INFO LoadWorker [Thread-294] LoadWorkerstarting to create loads.
2020-10-06 22:12:38,576 INFO LoadWorker [Thread-295] LoadWorkerstarting to create loads.
2020-10-06 22:12:38,576 INFO LoadWorker [Thread-296] LoadWorkerstarting to create loads.
2020-10-06 22:12:38,576 INFO LoadWorker [Thread-297] LoadWorkerstarting to create loads.
2020-10-06 22:12:38,576 INFO LoadWorker [Thread-298] LoadWorkerstarting to create loads.
2020-10-06 22:12:38,576 INFO LoadWorker [Thread-299] LoadWorkerstarting to create loads.
2020-10-06 22:12:38,577 INFO LoadWorker [Thread-300] LoadWorkerstarting to create loads.
2020-10-06 22:12:38,577 INFO LoadWorker [Thread-301] LoadWorkerstarting to create loads.
2020-10-06 22:12:38,577 INFO LoadWorker [Thread-302] LoadWorkerstarting to create loads.
2020-10-06 22:12:38,577 INFO LoadWorker [Thread-303] LoadWorkerstarting to create loads.
2020-10-06 22:12:38,577 INFO LoadWorker [Thread-304] LoadWorkerstarting to create loads.
2020-10-06 22:12:38,577 INFO LoadWorker [Thread-305] LoadWorkerstarting to create loads.
2020-10-06 22:12:38,577 INFO LoadWorker [Thread-306] LoadWorkerstarting to create loads.
2020-10-06 22:12:38,577 INFO LoadWorker [Thread-307] LoadWorkerstarting to create loads.
2020-10-06 22:12:38,578 INFO LoadWorker [Thread-308] LoadWorkerstarting to create loads.
2020-10-06 22:12:38,578 INFO LoadWorker [Thread-309] LoadWorkerstarting to create loads.
2020-10-06 22:12:38,578 INFO LoadWorker [Thread-310] LoadWorkerstarting to create loads.
2020-10-06 22:12:38,578 INFO LoadWorker [Thread-311] LoadWorkerstarting to create loads.
2020-10-06 22:12:38,578 INFO LoadWorker [Thread-312] LoadWorkerstarting to create loads.
2020-10-06 22:12:38,578 INFO LoadWorker [Thread-313] LoadWorkerstarting to create loads.
2020-10-06 22:12:38,579 INFO LoadWorker [Thread-314] LoadWorkerstarting to create loads.
2020-10-06 22:12:38,579 INFO LoadWorker [Thread-315] LoadWorkerstarting to create loads.
2020-10-06 22:12:38,579 INFO LoadWorker [Thread-316] LoadWorkerstarting to create loads.
2020-10-06 22:12:38,579 INFO LoadWorker [Thread-317] LoadWorkerstarting to create loads.
2020-10-06 22:12:38,579 INFO LoadWorker [Thread-318] LoadWorkerstarting to create loads.
2020-10-06 22:12:38,579 INFO LoadWorker [Thread-319] LoadWorkerstarting to create loads.
2020-10-06 22:12:38,579 INFO LoadWorker [Thread-320] LoadWorkerstarting to create loads.
2020-10-06 22:12:38,579 INFO LoadWorker [Thread-321] LoadWorkerstarting to create loads.
2020-10-06 22:12:38,580 INFO LoadWorker [Thread-322] LoadWorkerstarting to create loads.
2020-10-06 22:12:38,580 INFO LoadWorker [Thread-324] LoadWorkerstarting to create loads.
2020-10-06 22:12:38,580 INFO LoadWorker [Thread-323] LoadWorkerstarting to create loads.
2020-10-06 22:12:38,580 INFO LoadWorker [Thread-325] LoadWorkerstarting to create loads.
2020-10-06 22:12:38,580 INFO LoadWorker [Thread-326] LoadWorkerstarting to create loads.
2020-10-06 22:12:38,580 INFO LoadWorker [Thread-327] LoadWorkerstarting to create loads.
2020-10-06 22:12:38,580 INFO LoadWorker [Thread-328] LoadWorkerstarting to create loads.
2020-10-06 22:12:38,581 INFO LoadWorker [Thread-329] LoadWorkerstarting to create loads.
2020-10-06 22:12:38,581 INFO LoadWorker [Thread-330] LoadWorkerstarting to create loads.
2020-10-06 22:12:38,581 INFO LoadWorker [Thread-331] LoadWorkerstarting to create loads.
2020-10-06 22:12:38,581 INFO LoadWorker [Thread-332] LoadWorkerstarting to create loads.
2020-10-06 22:12:38,581 INFO LoadWorker [Thread-333] LoadWorkerstarting to create loads.
2020-10-06 22:12:38,581 INFO LoadWorker [Thread-334] LoadWorkerstarting to create loads.
2020-10-06 22:12:38,581 INFO LoadWorker [Thread-335] LoadWorkerstarting to create loads.
2020-10-06 22:12:38,581 INFO LoadWorker [Thread-336] LoadWorkerstarting to create loads.
2020-10-06 22:12:38,581 INFO LoadWorker [Thread-337] LoadWorkerstarting to create loads.
2020-10-06 22:12:38,582 INFO LoadWorker [Thread-338] LoadWorkerstarting to create loads.
2020-10-06 22:12:38,582 INFO LoadWorker [Thread-339] LoadWorkerstarting to create loads.
2020-10-06 22:12:38,582 INFO LoadWorker [Thread-340] LoadWorkerstarting to create loads.
2020-10-06 22:12:38,582 INFO LoadWorker [Thread-341] LoadWorkerstarting to create loads.
2020-10-06 22:12:38,582 INFO LoadWorker [Thread-342] LoadWorkerstarting to create loads.
2020-10-06 22:12:38,582 INFO LoadWorker [Thread-343] LoadWorkerstarting to create loads.
2020-10-06 22:12:38,582 INFO LoadWorker [Thread-344] LoadWorkerstarting to create loads.
2020-10-06 22:12:38,583 INFO LoadWorker [Thread-345] LoadWorkerstarting to create loads.
2020-10-06 22:12:38,583 INFO LoadWorker [Thread-346] LoadWorkerstarting to create loads.
2020-10-06 22:12:38,583 INFO LoadWorker [Thread-347] LoadWorkerstarting to create loads.
2020-10-06 22:12:38,583 INFO LoadWorker [Thread-348] LoadWorkerstarting to create loads.
2020-10-06 22:12:38,583 INFO LoadWorker [Thread-349] LoadWorkerstarting to create loads.
2020-10-06 22:12:38,583 INFO LoadWorker [Thread-350] LoadWorkerstarting to create loads.
2020-10-06 22:12:38,584 INFO LoadWorker [Thread-351] LoadWorkerstarting to create loads.
2020-10-06 22:12:38,584 INFO LoadWorker [Thread-352] LoadWorkerstarting to create loads.
2020-10-06 22:12:38,584 INFO LoadWorker [Thread-353] LoadWorkerstarting to create loads.
2020-10-06 22:12:38,584 INFO LoadWorker [Thread-354] LoadWorkerstarting to create loads.
2020-10-06 22:12:38,585 INFO LoadWorker [Thread-355] LoadWorkerstarting to create loads.
2020-10-06 22:12:38,585 INFO LoadWorker [Thread-356] LoadWorkerstarting to create loads.
2020-10-06 22:12:38,585 INFO LoadWorker [Thread-357] LoadWorkerstarting to create loads.
2020-10-06 22:12:38,585 INFO LoadWorker [Thread-358] LoadWorkerstarting to create loads.
2020-10-06 22:12:38,585 INFO LoadWorker [Thread-359] LoadWorkerstarting to create loads.
2020-10-06 22:12:38,585 INFO LoadWorker [Thread-360] LoadWorkerstarting to create loads.
2020-10-06 22:12:38,585 INFO LoadWorker [Thread-361] LoadWorkerstarting to create loads.
2020-10-06 22:12:38,585 INFO LoadWorker [Thread-362] LoadWorkerstarting to create loads.
2020-10-06 22:12:38,586 INFO LoadWorker [Thread-363] LoadWorkerstarting to create loads.
2020-10-06 22:12:38,586 INFO LoadWorker [Thread-364] LoadWorkerstarting to create loads.
2020-10-06 22:12:38,586 INFO LoadWorker [Thread-365] LoadWorkerstarting to create loads.
2020-10-06 22:12:38,586 INFO LoadWorker [Thread-366] LoadWorkerstarting to create loads.
2020-10-06 22:12:38,586 INFO LoadWorker [Thread-367] LoadWorkerstarting to create loads.
2020-10-06 22:12:38,586 INFO LoadWorker [Thread-369] LoadWorkerstarting to create loads.
2020-10-06 22:12:38,586 INFO LoadWorker [Thread-368] LoadWorkerstarting to create loads.
2020-10-06 22:12:38,587 INFO LoadWorker [Thread-371] LoadWorkerstarting to create loads.
2020-10-06 22:12:38,587 INFO LoadWorker [Thread-370] LoadWorkerstarting to create loads.
2020-10-06 22:12:38,587 INFO LoadWorker [Thread-372] LoadWorkerstarting to create loads.
2020-10-06 22:12:38,587 INFO LoadWorker [Thread-373] LoadWorkerstarting to create loads.
2020-10-06 22:12:38,587 INFO LoadWorker [Thread-374] LoadWorkerstarting to create loads.
2020-10-06 22:12:38,587 INFO LoadWorker [Thread-375] LoadWorkerstarting to create loads.
2020-10-06 22:12:38,587 INFO LoadWorker [Thread-376] LoadWorkerstarting to create loads.
2020-10-06 22:12:38,588 INFO LoadWorker [Thread-377] LoadWorkerstarting to create loads.
2020-10-06 22:12:38,588 INFO LoadWorker [Thread-378] LoadWorkerstarting to create loads.
2020-10-06 22:12:38,588 INFO LoadWorker [Thread-379] LoadWorkerstarting to create loads.
2020-10-06 22:12:38,588 INFO LoadWorker [Thread-380] LoadWorkerstarting to create loads.
2020-10-06 22:12:38,588 INFO LoadWorker [Thread-381] LoadWorkerstarting to create loads.
2020-10-06 22:12:38,588 INFO LoadWorker [Thread-382] LoadWorkerstarting to create loads.
2020-10-06 22:12:38,588 INFO LoadWorker [Thread-383] LoadWorkerstarting to create loads.
2020-10-06 22:12:38,588 INFO LoadWorker [Thread-384] LoadWorkerstarting to create loads.
2020-10-06 22:12:38,589 INFO LoadWorker [Thread-385] LoadWorkerstarting to create loads.
2020-10-06 22:12:40,570 INFO LoadGenerator [Thread-386] Starting generate loads with LoadWorkerCoolDown
2020-10-06 22:12:40,572 INFO LoadWorker [Thread-388] LoadWorkerCoolDownstarting to create loads.
2020-10-06 22:12:40,572 INFO LoadWorker [Thread-387] LoadWorkerCoolDownstarting to create loads.
2020-10-06 22:12:40,572 INFO LoadWorker [Thread-389] LoadWorkerCoolDownstarting to create loads.
2020-10-06 22:12:40,572 INFO LoadWorker [Thread-390] LoadWorkerCoolDownstarting to create loads.
2020-10-06 22:12:40,572 INFO LoadWorker [Thread-391] LoadWorkerCoolDownstarting to create loads.
2020-10-06 22:12:40,572 INFO LoadWorker [Thread-392] LoadWorkerCoolDownstarting to create loads.
2020-10-06 22:12:40,572 INFO LoadWorker [Thread-393] LoadWorkerCoolDownstarting to create loads.
2020-10-06 22:12:40,572 INFO LoadWorker [Thread-394] LoadWorkerCoolDownstarting to create loads.
2020-10-06 22:12:40,573 INFO LoadWorker [Thread-396] LoadWorkerCoolDownstarting to create loads.
2020-10-06 22:12:40,573 INFO LoadWorker [Thread-395] LoadWorkerCoolDownstarting to create loads.
2020-10-06 22:12:40,573 INFO LoadWorker [Thread-397] LoadWorkerCoolDownstarting to create loads.
2020-10-06 22:12:40,573 INFO LoadWorker [Thread-398] LoadWorkerCoolDownstarting to create loads.
2020-10-06 22:12:40,573 INFO LoadWorker [Thread-399] LoadWorkerCoolDownstarting to create loads.
2020-10-06 22:12:40,573 INFO LoadWorker [Thread-400] LoadWorkerCoolDownstarting to create loads.
2020-10-06 22:12:40,573 INFO LoadWorker [Thread-401] LoadWorkerCoolDownstarting to create loads.
2020-10-06 22:12:40,574 INFO LoadWorker [Thread-402] LoadWorkerCoolDownstarting to create loads.
2020-10-06 22:12:40,574 INFO LoadWorker [Thread-403] LoadWorkerCoolDownstarting to create loads.
2020-10-06 22:12:40,574 INFO LoadWorker [Thread-404] LoadWorkerCoolDownstarting to create loads.
2020-10-06 22:12:40,574 INFO LoadWorker [Thread-406] LoadWorkerCoolDownstarting to create loads.
2020-10-06 22:12:40,574 INFO LoadWorker [Thread-405] LoadWorkerCoolDownstarting to create loads.
2020-10-06 22:12:40,574 INFO LoadWorker [Thread-407] LoadWorkerCoolDownstarting to create loads.
2020-10-06 22:12:40,574 INFO LoadWorker [Thread-408] LoadWorkerCoolDownstarting to create loads.
2020-10-06 22:12:40,575 INFO LoadWorker [Thread-409] LoadWorkerCoolDownstarting to create loads.
2020-10-06 22:12:40,575 INFO LoadWorker [Thread-410] LoadWorkerCoolDownstarting to create loads.
2020-10-06 22:12:40,575 INFO LoadWorker [Thread-411] LoadWorkerCoolDownstarting to create loads.
2020-10-06 22:12:40,575 INFO LoadWorker [Thread-412] LoadWorkerCoolDownstarting to create loads.
2020-10-06 22:12:40,575 INFO LoadWorker [Thread-413] LoadWorkerCoolDownstarting to create loads.
2020-10-06 22:12:40,575 INFO LoadWorker [Thread-414] LoadWorkerCoolDownstarting to create loads.
2020-10-06 22:12:40,575 INFO LoadWorker [Thread-415] LoadWorkerCoolDownstarting to create loads.
2020-10-06 22:12:40,575 INFO LoadWorker [Thread-416] LoadWorkerCoolDownstarting to create loads.
2020-10-06 22:12:40,576 INFO LoadWorker [Thread-417] LoadWorkerCoolDownstarting to create loads.
2020-10-06 22:12:40,576 INFO LoadWorker [Thread-418] LoadWorkerCoolDownstarting to create loads.
2020-10-06 22:12:40,576 INFO LoadWorker [Thread-419] LoadWorkerCoolDownstarting to create loads.
2020-10-06 22:12:40,576 INFO LoadWorker [Thread-420] LoadWorkerCoolDownstarting to create loads.
2020-10-06 22:12:40,576 INFO LoadWorker [Thread-421] LoadWorkerCoolDownstarting to create loads.
2020-10-06 22:12:40,576 INFO LoadWorker [Thread-422] LoadWorkerCoolDownstarting to create loads.
2020-10-06 22:12:40,576 INFO LoadWorker [Thread-423] LoadWorkerCoolDownstarting to create loads.
2020-10-06 22:12:40,577 INFO LoadWorker [Thread-424] LoadWorkerCoolDownstarting to create loads.
2020-10-06 22:12:40,577 INFO LoadWorker [Thread-425] LoadWorkerCoolDownstarting to create loads.
2020-10-06 22:12:40,577 INFO LoadWorker [Thread-426] LoadWorkerCoolDownstarting to create loads.
2020-10-06 22:12:40,577 INFO LoadWorker [Thread-427] LoadWorkerCoolDownstarting to create loads.
2020-10-06 22:12:40,577 INFO LoadWorker [Thread-428] LoadWorkerCoolDownstarting to create loads.
2020-10-06 22:12:40,577 INFO LoadWorker [Thread-429] LoadWorkerCoolDownstarting to create loads.
2020-10-06 22:12:40,577 INFO LoadWorker [Thread-430] LoadWorkerCoolDownstarting to create loads.
2020-10-06 22:12:40,577 INFO LoadWorker [Thread-431] LoadWorkerCoolDownstarting to create loads.
2020-10-06 22:12:40,577 INFO LoadWorker [Thread-432] LoadWorkerCoolDownstarting to create loads.
2020-10-06 22:12:40,577 INFO LoadWorker [Thread-433] LoadWorkerCoolDownstarting to create loads.
2020-10-06 22:12:40,578 INFO LoadWorker [Thread-434] LoadWorkerCoolDownstarting to create loads.
2020-10-06 22:12:40,578 INFO LoadWorker [Thread-435] LoadWorkerCoolDownstarting to create loads.
2020-10-06 22:12:40,578 INFO LoadWorker [Thread-436] LoadWorkerCoolDownstarting to create loads.
2020-10-06 22:12:40,578 INFO LoadWorker [Thread-437] LoadWorkerCoolDownstarting to create loads.
2020-10-06 22:12:40,578 INFO LoadWorker [Thread-438] LoadWorkerCoolDownstarting to create loads.
2020-10-06 22:12:40,578 INFO LoadWorker [Thread-439] LoadWorkerCoolDownstarting to create loads.
2020-10-06 22:12:40,579 INFO LoadWorker [Thread-440] LoadWorkerCoolDownstarting to create loads.
2020-10-06 22:12:40,579 INFO LoadWorker [Thread-441] LoadWorkerCoolDownstarting to create loads.
2020-10-06 22:12:40,579 INFO LoadWorker [Thread-442] LoadWorkerCoolDownstarting to create loads.
2020-10-06 22:12:40,579 INFO LoadWorker [Thread-443] LoadWorkerCoolDownstarting to create loads.
2020-10-06 22:12:40,579 INFO LoadWorker [Thread-444] LoadWorkerCoolDownstarting to create loads.
2020-10-06 22:12:40,579 INFO LoadWorker [Thread-445] LoadWorkerCoolDownstarting to create loads.
2020-10-06 22:12:40,579 INFO LoadWorker [Thread-446] LoadWorkerCoolDownstarting to create loads.
2020-10-06 22:12:40,579 INFO LoadWorker [Thread-447] LoadWorkerCoolDownstarting to create loads.
2020-10-06 22:12:40,579 INFO LoadWorker [Thread-448] LoadWorkerCoolDownstarting to create loads.
2020-10-06 22:12:40,579 INFO LoadWorker [Thread-449] LoadWorkerCoolDownstarting to create loads.
2020-10-06 22:12:40,580 INFO LoadWorker [Thread-450] LoadWorkerCoolDownstarting to create loads.
2020-10-06 22:13:18,406 INFO LoadGenerator [main] Starting generate loads with LoadWorker
2020-10-06 22:13:18,418 INFO LoadGenerator [Thread-64] Starting generate loads with LoadWorker
2020-10-06 22:13:18,466 INFO LoadWorker [Thread-126] LoadWorkerstarting to create loads.
2020-10-06 22:13:18,466 INFO LoadWorker [Thread-50] LoadWorkerstarting to create loads.
2020-10-06 22:13:18,466 INFO LoadWorker [Thread-15] LoadWorkerstarting to create loads.
2020-10-06 22:13:18,466 INFO LoadWorker [Thread-101] LoadWorkerstarting to create loads.
2020-10-06 22:13:18,466 INFO LoadWorker [Thread-45] LoadWorkerstarting to create loads.
2020-10-06 22:13:18,466 INFO LoadWorker [Thread-115] LoadWorkerstarting to create loads.
2020-10-06 22:13:18,466 INFO LoadWorker [Thread-44] LoadWorkerstarting to create loads.
2020-10-06 22:13:18,466 INFO LoadWorker [Thread-5] LoadWorkerstarting to create loads.
2020-10-06 22:13:18,466 INFO LoadWorker [Thread-60] LoadWorkerstarting to create loads.
2020-10-06 22:13:18,467 INFO LoadWorker [Thread-23] LoadWorkerstarting to create loads.
2020-10-06 22:13:18,467 INFO LoadWorker [Thread-40] LoadWorkerstarting to create loads.
2020-10-06 22:13:18,466 INFO LoadWorker [Thread-33] LoadWorkerstarting to create loads.
2020-10-06 22:13:18,467 INFO LoadWorker [Thread-107] LoadWorkerstarting to create loads.
2020-10-06 22:13:18,467 INFO LoadWorker [Thread-102] LoadWorkerstarting to create loads.
2020-10-06 22:13:18,466 INFO LoadWorker [Thread-11] LoadWorkerstarting to create loads.
2020-10-06 22:13:18,467 INFO LoadWorker [Thread-39] LoadWorkerstarting to create loads.
2020-10-06 22:13:18,466 INFO LoadWorker [Thread-98] LoadWorkerstarting to create loads.
2020-10-06 22:13:18,467 INFO LoadWorker [Thread-89] LoadWorkerstarting to create loads.
2020-10-06 22:13:18,467 INFO LoadWorker [Thread-24] LoadWorkerstarting to create loads.
2020-10-06 22:13:18,467 INFO LoadWorker [Thread-79] LoadWorkerstarting to create loads.
2020-10-06 22:13:18,466 INFO LoadWorker [Thread-124] LoadWorkerstarting to create loads.
2020-10-06 22:13:18,468 INFO LoadWorker [Thread-20] LoadWorkerstarting to create loads.
2020-10-06 22:13:18,468 INFO LoadWorker [Thread-4] LoadWorkerstarting to create loads.
2020-10-06 22:13:18,468 INFO LoadWorker [Thread-72] LoadWorkerstarting to create loads.
2020-10-06 22:13:18,467 INFO LoadWorker [Thread-82] LoadWorkerstarting to create loads.
2020-10-06 22:13:18,468 INFO LoadWorker [Thread-57] LoadWorkerstarting to create loads.
2020-10-06 22:13:18,467 INFO LoadWorker [Thread-110] LoadWorkerstarting to create loads.
2020-10-06 22:13:18,468 INFO LoadWorker [Thread-70] LoadWorkerstarting to create loads.
2020-10-06 22:13:18,467 INFO LoadWorker [Thread-123] LoadWorkerstarting to create loads.
2020-10-06 22:13:18,468 INFO LoadWorker [Thread-119] LoadWorkerstarting to create loads.
2020-10-06 22:13:18,468 INFO LoadWorker [Thread-29] LoadWorkerstarting to create loads.
2020-10-06 22:13:18,468 INFO LoadWorker [Thread-14] LoadWorkerstarting to create loads.
2020-10-06 22:13:18,468 INFO LoadWorker [Thread-87] LoadWorkerstarting to create loads.
2020-10-06 22:13:18,469 INFO LoadWorker [Thread-120] LoadWorkerstarting to create loads.
2020-10-06 22:13:18,469 INFO LoadWorker [Thread-105] LoadWorkerstarting to create loads.
2020-10-06 22:13:18,467 INFO LoadWorker [Thread-96] LoadWorkerstarting to create loads.
2020-10-06 22:13:18,469 INFO LoadWorker [Thread-32] LoadWorkerstarting to create loads.
2020-10-06 22:13:18,469 INFO LoadWorker [Thread-125] LoadWorkerstarting to create loads.
2020-10-06 22:13:18,466 INFO LoadWorker [Thread-128] LoadWorkerstarting to create loads.
2020-10-06 22:13:18,469 INFO LoadWorker [Thread-22] LoadWorkerstarting to create loads.
2020-10-06 22:13:18,466 INFO LoadWorker [Thread-114] LoadWorkerstarting to create loads.
2020-10-06 22:13:18,469 INFO LoadWorker [Thread-73] LoadWorkerstarting to create loads.
2020-10-06 22:13:18,469 INFO LoadWorker [Thread-8] LoadWorkerstarting to create loads.
2020-10-06 22:13:18,469 INFO LoadWorker [Thread-3] LoadWorkerstarting to create loads.
2020-10-06 22:13:18,466 INFO LoadWorker [Thread-80] LoadWorkerstarting to create loads.
2020-10-06 22:13:18,470 INFO LoadWorker [Thread-68] LoadWorkerstarting to create loads.
2020-10-06 22:13:18,470 INFO LoadWorker [Thread-95] LoadWorkerstarting to create loads.
2020-10-06 22:13:18,466 INFO LoadWorker [Thread-18] LoadWorkerstarting to create loads.
2020-10-06 22:13:18,470 INFO LoadWorker [Thread-106] LoadWorkerstarting to create loads.
2020-10-06 22:13:18,470 INFO LoadWorker [Thread-93] LoadWorkerstarting to create loads.
2020-10-06 22:13:18,470 INFO LoadWorker [Thread-31] LoadWorkerstarting to create loads.
2020-10-06 22:13:18,470 INFO LoadWorker [Thread-0] LoadWorkerstarting to create loads.
2020-10-06 22:13:18,470 INFO LoadWorker [Thread-97] LoadWorkerstarting to create loads.
2020-10-06 22:13:18,470 INFO LoadWorker [Thread-76] LoadWorkerstarting to create loads.
2020-10-06 22:13:18,466 INFO LoadWorker [Thread-75] LoadWorkerstarting to create loads.
2020-10-06 22:13:18,470 INFO LoadWorker [Thread-7] LoadWorkerstarting to create loads.
2020-10-06 22:13:18,470 INFO LoadWorker [Thread-56] LoadWorkerstarting to create loads.
2020-10-06 22:13:18,471 INFO LoadWorker [Thread-94] LoadWorkerstarting to create loads.
2020-10-06 22:13:18,466 INFO LoadWorker [Thread-77] LoadWorkerstarting to create loads.
2020-10-06 22:13:18,471 INFO LoadWorker [Thread-16] LoadWorkerstarting to create loads.
2020-10-06 22:13:18,471 INFO LoadWorker [Thread-71] LoadWorkerstarting to create loads.
2020-10-06 22:13:18,471 INFO LoadWorker [Thread-49] LoadWorkerstarting to create loads.
2020-10-06 22:13:18,471 INFO LoadWorker [Thread-36] LoadWorkerstarting to create loads.
2020-10-06 22:13:18,471 INFO LoadWorker [Thread-47] LoadWorkerstarting to create loads.
2020-10-06 22:13:18,466 INFO LoadWorker [Thread-54] LoadWorkerstarting to create loads.
2020-10-06 22:13:18,471 INFO LoadWorker [Thread-69] LoadWorkerstarting to create loads.
2020-10-06 22:13:18,471 INFO LoadWorker [Thread-84] LoadWorkerstarting to create loads.
2020-10-06 22:13:18,466 INFO LoadWorker [Thread-2] LoadWorkerstarting to create loads.
2020-10-06 22:13:18,471 INFO LoadWorker [Thread-6] LoadWorkerstarting to create loads.
2020-10-06 22:13:18,466 INFO LoadWorker [Thread-13] LoadWorkerstarting to create loads.
2020-10-06 22:13:18,472 INFO LoadWorker [Thread-17] LoadWorkerstarting to create loads.
2020-10-06 22:13:18,466 INFO LoadWorker [Thread-100] LoadWorkerstarting to create loads.
2020-10-06 22:13:18,466 INFO LoadWorker [Thread-88] LoadWorkerstarting to create loads.
2020-10-06 22:13:18,472 INFO LoadWorker [Thread-74] LoadWorkerstarting to create loads.
2020-10-06 22:13:18,466 INFO LoadWorker [Thread-99] LoadWorkerstarting to create loads.
2020-10-06 22:13:18,472 INFO LoadWorker [Thread-81] LoadWorkerstarting to create loads.
2020-10-06 22:13:18,472 INFO LoadWorker [Thread-117] LoadWorkerstarting to create loads.
2020-10-06 22:13:18,466 INFO LoadWorker [Thread-113] LoadWorkerstarting to create loads.
2020-10-06 22:13:18,472 INFO LoadWorker [Thread-83] LoadWorkerstarting to create loads.
2020-10-06 22:13:18,466 INFO LoadWorker [Thread-25] LoadWorkerstarting to create loads.
2020-10-06 22:13:18,472 INFO LoadWorker [Thread-91] LoadWorkerstarting to create loads.
2020-10-06 22:13:18,472 INFO LoadWorker [Thread-55] LoadWorkerstarting to create loads.
2020-10-06 22:13:18,466 INFO LoadWorker [Thread-46] LoadWorkerstarting to create loads.
2020-10-06 22:13:18,466 INFO LoadWorker [Thread-12] LoadWorkerstarting to create loads.
2020-10-06 22:13:18,473 INFO LoadWorker [Thread-127] LoadWorkerstarting to create loads.
2020-10-06 22:13:18,473 INFO LoadWorker [Thread-9] LoadWorkerstarting to create loads.
2020-10-06 22:13:18,473 INFO LoadWorker [Thread-27] LoadWorkerstarting to create loads.
2020-10-06 22:13:18,472 INFO LoadWorker [Thread-58] LoadWorkerstarting to create loads.
2020-10-06 22:13:18,472 INFO LoadWorker [Thread-35] LoadWorkerstarting to create loads.
2020-10-06 22:13:18,472 INFO LoadWorker [Thread-1] LoadWorkerstarting to create loads.
2020-10-06 22:13:18,472 INFO LoadWorker [Thread-121] LoadWorkerstarting to create loads.
2020-10-06 22:13:18,472 INFO LoadWorker [Thread-118] LoadWorkerstarting to create loads.
2020-10-06 22:13:18,471 INFO LoadWorker [Thread-37] LoadWorkerstarting to create loads.
2020-10-06 22:13:18,471 INFO LoadWorker [Thread-109] LoadWorkerstarting to create loads.
2020-10-06 22:13:18,472 INFO LoadWorker [Thread-86] LoadWorkerstarting to create loads.
2020-10-06 22:13:18,472 INFO LoadWorker [Thread-66] LoadWorkerstarting to create loads.
2020-10-06 22:13:18,472 INFO LoadWorker [Thread-28] LoadWorkerstarting to create loads.
2020-10-06 22:13:18,471 INFO LoadWorker [Thread-41] LoadWorkerstarting to create loads.
2020-10-06 22:13:18,471 INFO LoadWorker [Thread-78] LoadWorkerstarting to create loads.
2020-10-06 22:13:18,471 INFO LoadWorker [Thread-53] LoadWorkerstarting to create loads.
2020-10-06 22:13:18,471 INFO LoadWorker [Thread-59] LoadWorkerstarting to create loads.
2020-10-06 22:13:18,471 INFO LoadWorker [Thread-34] LoadWorkerstarting to create loads.
2020-10-06 22:13:18,471 INFO LoadWorker [Thread-42] LoadWorkerstarting to create loads.
2020-10-06 22:13:18,470 INFO LoadWorker [Thread-48] LoadWorkerstarting to create loads.
2020-10-06 22:13:18,469 INFO LoadWorker [Thread-104] LoadWorkerstarting to create loads.
2020-10-06 22:13:18,470 INFO LoadWorker [Thread-63] LoadWorkerstarting to create loads.
2020-10-06 22:13:18,469 INFO LoadWorker [Thread-67] LoadWorkerstarting to create loads.
2020-10-06 22:13:18,470 INFO LoadWorker [Thread-111] LoadWorkerstarting to create loads.
2020-10-06 22:13:18,470 INFO LoadWorker [Thread-10] LoadWorkerstarting to create loads.
2020-10-06 22:13:18,468 INFO LoadWorker [Thread-103] LoadWorkerstarting to create loads.
2020-10-06 22:13:18,469 INFO LoadWorker [Thread-43] LoadWorkerstarting to create loads.
2020-10-06 22:13:18,467 INFO LoadWorker [Thread-62] LoadWorkerstarting to create loads.
2020-10-06 22:13:18,469 INFO LoadWorker [Thread-122] LoadWorkerstarting to create loads.
2020-10-06 22:13:18,469 INFO LoadWorker [Thread-108] LoadWorkerstarting to create loads.
2020-10-06 22:13:18,471 INFO LoadWorker [Thread-90] LoadWorkerstarting to create loads.
2020-10-06 22:13:18,468 INFO LoadWorker [Thread-52] LoadWorkerstarting to create loads.
2020-10-06 22:13:18,471 INFO LoadWorker [Thread-61] LoadWorkerstarting to create loads.
2020-10-06 22:13:18,472 INFO LoadWorker [Thread-65] LoadWorkerstarting to create loads.
2020-10-06 22:13:18,473 INFO LoadWorker [Thread-26] LoadWorkerstarting to create loads.
2020-10-06 22:13:18,473 INFO LoadWorker [Thread-51] LoadWorkerstarting to create loads.
2020-10-06 22:13:18,473 INFO LoadWorker [Thread-112] LoadWorkerstarting to create loads.
2020-10-06 22:13:18,473 INFO LoadWorker [Thread-85] LoadWorkerstarting to create loads.
2020-10-06 22:13:18,473 INFO LoadWorker [Thread-21] LoadWorkerstarting to create loads.
2020-10-06 22:13:18,473 INFO LoadWorker [Thread-92] LoadWorkerstarting to create loads.
2020-10-06 22:13:18,473 INFO LoadWorker [Thread-116] LoadWorkerstarting to create loads.
2020-10-06 22:13:18,473 INFO LoadWorker [Thread-38] LoadWorkerstarting to create loads.
2020-10-06 22:13:18,468 INFO LoadWorker [Thread-19] LoadWorkerstarting to create loads.
2020-10-06 22:13:18,469 INFO LoadWorker [Thread-30] LoadWorkerstarting to create loads.
2020-10-06 22:13:19,668 INFO LoadGenerator [Thread-129] Starting generate loads with LoadWorker
2020-10-06 22:13:19,668 INFO LoadWorker [Thread-130] LoadWorkerstarting to create loads.
2020-10-06 22:13:19,669 INFO LoadWorker [Thread-131] LoadWorkerstarting to create loads.
2020-10-06 22:13:19,669 INFO LoadWorker [Thread-132] LoadWorkerstarting to create loads.
2020-10-06 22:13:19,669 INFO LoadWorker [Thread-133] LoadWorkerstarting to create loads.
2020-10-06 22:13:19,669 INFO LoadWorker [Thread-134] LoadWorkerstarting to create loads.
2020-10-06 22:13:19,669 INFO LoadWorker [Thread-135] LoadWorkerstarting to create loads.
2020-10-06 22:13:19,669 INFO LoadWorker [Thread-136] LoadWorkerstarting to create loads.
2020-10-06 22:13:19,669 INFO LoadWorker [Thread-137] LoadWorkerstarting to create loads.
2020-10-06 22:13:19,669 INFO LoadWorker [Thread-138] LoadWorkerstarting to create loads.
2020-10-06 22:13:19,669 INFO LoadWorker [Thread-139] LoadWorkerstarting to create loads.
2020-10-06 22:13:19,669 INFO LoadWorker [Thread-140] LoadWorkerstarting to create loads.
2020-10-06 22:13:19,670 INFO LoadWorker [Thread-141] LoadWorkerstarting to create loads.
2020-10-06 22:13:19,670 INFO LoadWorker [Thread-142] LoadWorkerstarting to create loads.
2020-10-06 22:13:19,670 INFO LoadWorker [Thread-143] LoadWorkerstarting to create loads.
2020-10-06 22:13:19,670 INFO LoadWorker [Thread-144] LoadWorkerstarting to create loads.
2020-10-06 22:13:19,670 INFO LoadWorker [Thread-145] LoadWorkerstarting to create loads.
2020-10-06 22:13:19,670 INFO LoadWorker [Thread-146] LoadWorkerstarting to create loads.
2020-10-06 22:13:19,670 INFO LoadWorker [Thread-147] LoadWorkerstarting to create loads.
2020-10-06 22:13:19,670 INFO LoadWorker [Thread-148] LoadWorkerstarting to create loads.
2020-10-06 22:13:19,670 INFO LoadWorker [Thread-149] LoadWorkerstarting to create loads.
2020-10-06 22:13:19,671 INFO LoadWorker [Thread-150] LoadWorkerstarting to create loads.
2020-10-06 22:13:19,671 INFO LoadWorker [Thread-151] LoadWorkerstarting to create loads.
2020-10-06 22:13:19,671 INFO LoadWorker [Thread-152] LoadWorkerstarting to create loads.
2020-10-06 22:13:19,671 INFO LoadWorker [Thread-153] LoadWorkerstarting to create loads.
2020-10-06 22:13:19,671 INFO LoadWorker [Thread-154] LoadWorkerstarting to create loads.
2020-10-06 22:13:19,671 INFO LoadWorker [Thread-155] LoadWorkerstarting to create loads.
2020-10-06 22:13:19,671 INFO LoadWorker [Thread-156] LoadWorkerstarting to create loads.
2020-10-06 22:13:19,671 INFO LoadWorker [Thread-157] LoadWorkerstarting to create loads.
2020-10-06 22:13:19,672 INFO LoadWorker [Thread-158] LoadWorkerstarting to create loads.
2020-10-06 22:13:19,672 INFO LoadWorker [Thread-160] LoadWorkerstarting to create loads.
2020-10-06 22:13:19,672 INFO LoadWorker [Thread-159] LoadWorkerstarting to create loads.
2020-10-06 22:13:19,672 INFO LoadWorker [Thread-161] LoadWorkerstarting to create loads.
2020-10-06 22:13:19,672 INFO LoadWorker [Thread-162] LoadWorkerstarting to create loads.
2020-10-06 22:13:19,672 INFO LoadWorker [Thread-163] LoadWorkerstarting to create loads.
2020-10-06 22:13:19,672 INFO LoadWorker [Thread-164] LoadWorkerstarting to create loads.
2020-10-06 22:13:19,673 INFO LoadWorker [Thread-165] LoadWorkerstarting to create loads.
2020-10-06 22:13:19,673 INFO LoadWorker [Thread-166] LoadWorkerstarting to create loads.
2020-10-06 22:13:19,673 INFO LoadWorker [Thread-167] LoadWorkerstarting to create loads.
2020-10-06 22:13:19,673 INFO LoadWorker [Thread-168] LoadWorkerstarting to create loads.
2020-10-06 22:13:19,673 INFO LoadWorker [Thread-169] LoadWorkerstarting to create loads.
2020-10-06 22:13:19,673 INFO LoadWorker [Thread-170] LoadWorkerstarting to create loads.
2020-10-06 22:13:19,673 INFO LoadWorker [Thread-171] LoadWorkerstarting to create loads.
2020-10-06 22:13:19,673 INFO LoadWorker [Thread-172] LoadWorkerstarting to create loads.
2020-10-06 22:13:19,673 INFO LoadWorker [Thread-173] LoadWorkerstarting to create loads.
2020-10-06 22:13:19,673 INFO LoadWorker [Thread-174] LoadWorkerstarting to create loads.
2020-10-06 22:13:19,674 INFO LoadWorker [Thread-175] LoadWorkerstarting to create loads.
2020-10-06 22:13:19,674 INFO LoadWorker [Thread-176] LoadWorkerstarting to create loads.
2020-10-06 22:13:19,674 INFO LoadWorker [Thread-177] LoadWorkerstarting to create loads.
2020-10-06 22:13:19,674 INFO LoadWorker [Thread-178] LoadWorkerstarting to create loads.
2020-10-06 22:13:19,674 INFO LoadWorker [Thread-179] LoadWorkerstarting to create loads.
2020-10-06 22:13:19,674 INFO LoadWorker [Thread-180] LoadWorkerstarting to create loads.
2020-10-06 22:13:19,674 INFO LoadWorker [Thread-181] LoadWorkerstarting to create loads.
2020-10-06 22:13:19,674 INFO LoadWorker [Thread-182] LoadWorkerstarting to create loads.
2020-10-06 22:13:19,675 INFO LoadWorker [Thread-183] LoadWorkerstarting to create loads.
2020-10-06 22:13:19,675 INFO LoadWorker [Thread-184] LoadWorkerstarting to create loads.
2020-10-06 22:13:19,675 INFO LoadWorker [Thread-185] LoadWorkerstarting to create loads.
2020-10-06 22:13:19,675 INFO LoadWorker [Thread-186] LoadWorkerstarting to create loads.
2020-10-06 22:13:19,675 INFO LoadWorker [Thread-187] LoadWorkerstarting to create loads.
2020-10-06 22:13:19,675 INFO LoadWorker [Thread-188] LoadWorkerstarting to create loads.
2020-10-06 22:13:19,675 INFO LoadWorker [Thread-189] LoadWorkerstarting to create loads.
2020-10-06 22:13:19,676 INFO LoadWorker [Thread-190] LoadWorkerstarting to create loads.
2020-10-06 22:13:19,676 INFO LoadWorker [Thread-191] LoadWorkerstarting to create loads.
2020-10-06 22:13:19,676 INFO LoadWorker [Thread-192] LoadWorkerstarting to create loads.
2020-10-06 22:13:19,676 INFO LoadWorker [Thread-193] LoadWorkerstarting to create loads.
2020-10-06 22:13:19,676 INFO LoadWorker [Thread-194] LoadWorkerstarting to create loads.
2020-10-06 22:13:19,676 INFO LoadWorker [Thread-195] LoadWorkerstarting to create loads.
2020-10-06 22:13:19,676 INFO LoadWorker [Thread-196] LoadWorkerstarting to create loads.
2020-10-06 22:13:19,676 INFO LoadWorker [Thread-197] LoadWorkerstarting to create loads.
2020-10-06 22:13:19,676 INFO LoadWorker [Thread-198] LoadWorkerstarting to create loads.
2020-10-06 22:13:19,677 INFO LoadWorker [Thread-199] LoadWorkerstarting to create loads.
2020-10-06 22:13:19,677 INFO LoadWorker [Thread-200] LoadWorkerstarting to create loads.
2020-10-06 22:13:19,677 INFO LoadWorker [Thread-201] LoadWorkerstarting to create loads.
2020-10-06 22:13:19,677 INFO LoadWorker [Thread-202] LoadWorkerstarting to create loads.
2020-10-06 22:13:19,677 INFO LoadWorker [Thread-203] LoadWorkerstarting to create loads.
2020-10-06 22:13:19,677 INFO LoadWorker [Thread-204] LoadWorkerstarting to create loads.
2020-10-06 22:13:19,677 INFO LoadWorker [Thread-205] LoadWorkerstarting to create loads.
2020-10-06 22:13:19,677 INFO LoadWorker [Thread-206] LoadWorkerstarting to create loads.
2020-10-06 22:13:19,678 INFO LoadWorker [Thread-207] LoadWorkerstarting to create loads.
2020-10-06 22:13:19,678 INFO LoadWorker [Thread-208] LoadWorkerstarting to create loads.
2020-10-06 22:13:19,678 INFO LoadWorker [Thread-209] LoadWorkerstarting to create loads.
2020-10-06 22:13:19,678 INFO LoadWorker [Thread-210] LoadWorkerstarting to create loads.
2020-10-06 22:13:19,678 INFO LoadWorker [Thread-211] LoadWorkerstarting to create loads.
2020-10-06 22:13:19,678 INFO LoadWorker [Thread-212] LoadWorkerstarting to create loads.
2020-10-06 22:13:19,678 INFO LoadWorker [Thread-213] LoadWorkerstarting to create loads.
2020-10-06 22:13:19,678 INFO LoadWorker [Thread-214] LoadWorkerstarting to create loads.
2020-10-06 22:13:19,678 INFO LoadWorker [Thread-215] LoadWorkerstarting to create loads.
2020-10-06 22:13:19,678 INFO LoadWorker [Thread-216] LoadWorkerstarting to create loads.
2020-10-06 22:13:19,679 INFO LoadWorker [Thread-217] LoadWorkerstarting to create loads.
2020-10-06 22:13:19,679 INFO LoadWorker [Thread-218] LoadWorkerstarting to create loads.
2020-10-06 22:13:19,679 INFO LoadWorker [Thread-219] LoadWorkerstarting to create loads.
2020-10-06 22:13:19,679 INFO LoadWorker [Thread-220] LoadWorkerstarting to create loads.
2020-10-06 22:13:19,679 INFO LoadWorker [Thread-221] LoadWorkerstarting to create loads.
2020-10-06 22:13:19,679 INFO LoadWorker [Thread-222] LoadWorkerstarting to create loads.
2020-10-06 22:13:19,679 INFO LoadWorker [Thread-223] LoadWorkerstarting to create loads.
2020-10-06 22:13:19,679 INFO LoadWorker [Thread-224] LoadWorkerstarting to create loads.
2020-10-06 22:13:19,680 INFO LoadWorker [Thread-225] LoadWorkerstarting to create loads.
2020-10-06 22:13:19,680 INFO LoadWorker [Thread-226] LoadWorkerstarting to create loads.
2020-10-06 22:13:19,680 INFO LoadWorker [Thread-227] LoadWorkerstarting to create loads.
2020-10-06 22:13:19,681 INFO LoadWorker [Thread-228] LoadWorkerstarting to create loads.
2020-10-06 22:13:19,681 INFO LoadWorker [Thread-229] LoadWorkerstarting to create loads.
2020-10-06 22:13:19,681 INFO LoadWorker [Thread-231] LoadWorkerstarting to create loads.
2020-10-06 22:13:19,681 INFO LoadWorker [Thread-230] LoadWorkerstarting to create loads.
2020-10-06 22:13:19,681 INFO LoadWorker [Thread-232] LoadWorkerstarting to create loads.
2020-10-06 22:13:19,681 INFO LoadWorker [Thread-234] LoadWorkerstarting to create loads.
2020-10-06 22:13:19,681 INFO LoadWorker [Thread-233] LoadWorkerstarting to create loads.
2020-10-06 22:13:19,681 INFO LoadWorker [Thread-235] LoadWorkerstarting to create loads.
2020-10-06 22:13:19,682 INFO LoadWorker [Thread-236] LoadWorkerstarting to create loads.
2020-10-06 22:13:19,682 INFO LoadWorker [Thread-237] LoadWorkerstarting to create loads.
2020-10-06 22:13:19,682 INFO LoadWorker [Thread-238] LoadWorkerstarting to create loads.
2020-10-06 22:13:19,682 INFO LoadWorker [Thread-239] LoadWorkerstarting to create loads.
2020-10-06 22:13:19,682 INFO LoadWorker [Thread-240] LoadWorkerstarting to create loads.
2020-10-06 22:13:19,682 INFO LoadWorker [Thread-241] LoadWorkerstarting to create loads.
2020-10-06 22:13:19,682 INFO LoadWorker [Thread-242] LoadWorkerstarting to create loads.
2020-10-06 22:13:19,682 INFO LoadWorker [Thread-243] LoadWorkerstarting to create loads.
2020-10-06 22:13:19,682 INFO LoadWorker [Thread-244] LoadWorkerstarting to create loads.
2020-10-06 22:13:19,683 INFO LoadWorker [Thread-245] LoadWorkerstarting to create loads.
2020-10-06 22:13:19,683 INFO LoadWorker [Thread-246] LoadWorkerstarting to create loads.
2020-10-06 22:13:19,683 INFO LoadWorker [Thread-247] LoadWorkerstarting to create loads.
2020-10-06 22:13:19,683 INFO LoadWorker [Thread-248] LoadWorkerstarting to create loads.
2020-10-06 22:13:19,683 INFO LoadWorker [Thread-250] LoadWorkerstarting to create loads.
2020-10-06 22:13:19,683 INFO LoadWorker [Thread-249] LoadWorkerstarting to create loads.
2020-10-06 22:13:19,683 INFO LoadWorker [Thread-251] LoadWorkerstarting to create loads.
2020-10-06 22:13:19,683 INFO LoadWorker [Thread-252] LoadWorkerstarting to create loads.
2020-10-06 22:13:19,684 INFO LoadWorker [Thread-253] LoadWorkerstarting to create loads.
2020-10-06 22:13:19,684 INFO LoadWorker [Thread-254] LoadWorkerstarting to create loads.
2020-10-06 22:13:19,684 INFO LoadWorker [Thread-255] LoadWorkerstarting to create loads.
2020-10-06 22:13:19,684 INFO LoadWorker [Thread-256] LoadWorkerstarting to create loads.
2020-10-06 22:13:19,684 INFO LoadWorker [Thread-257] LoadWorkerstarting to create loads.
2020-10-06 22:13:19,684 INFO LoadWorker [Thread-258] LoadWorkerstarting to create loads.
2020-10-06 22:13:19,684 INFO LoadWorker [Thread-259] LoadWorkerstarting to create loads.
2020-10-06 22:13:19,685 INFO LoadWorker [Thread-261] LoadWorkerstarting to create loads.
2020-10-06 22:13:19,684 INFO LoadWorker [Thread-260] LoadWorkerstarting to create loads.
2020-10-06 22:13:19,685 INFO LoadWorker [Thread-262] LoadWorkerstarting to create loads.
2020-10-06 22:13:19,685 INFO LoadWorker [Thread-263] LoadWorkerstarting to create loads.
2020-10-06 22:13:19,685 INFO LoadWorker [Thread-264] LoadWorkerstarting to create loads.
2020-10-06 22:13:19,685 INFO LoadWorker [Thread-265] LoadWorkerstarting to create loads.
2020-10-06 22:13:19,685 INFO LoadWorker [Thread-266] LoadWorkerstarting to create loads.
2020-10-06 22:13:19,685 INFO LoadWorker [Thread-267] LoadWorkerstarting to create loads.
2020-10-06 22:13:19,686 INFO LoadWorker [Thread-268] LoadWorkerstarting to create loads.
2020-10-06 22:13:19,686 INFO LoadWorker [Thread-269] LoadWorkerstarting to create loads.
2020-10-06 22:13:19,686 INFO LoadWorker [Thread-270] LoadWorkerstarting to create loads.
2020-10-06 22:13:19,686 INFO LoadWorker [Thread-271] LoadWorkerstarting to create loads.
2020-10-06 22:13:19,686 INFO LoadWorker [Thread-272] LoadWorkerstarting to create loads.
2020-10-06 22:13:19,686 INFO LoadWorker [Thread-273] LoadWorkerstarting to create loads.
2020-10-06 22:13:19,686 INFO LoadWorker [Thread-274] LoadWorkerstarting to create loads.
2020-10-06 22:13:19,686 INFO LoadWorker [Thread-275] LoadWorkerstarting to create loads.
2020-10-06 22:13:19,687 INFO LoadWorker [Thread-276] LoadWorkerstarting to create loads.
2020-10-06 22:13:19,687 INFO LoadWorker [Thread-277] LoadWorkerstarting to create loads.
2020-10-06 22:13:19,687 INFO LoadWorker [Thread-278] LoadWorkerstarting to create loads.
2020-10-06 22:13:19,687 INFO LoadWorker [Thread-279] LoadWorkerstarting to create loads.
2020-10-06 22:13:19,687 INFO LoadWorker [Thread-280] LoadWorkerstarting to create loads.
2020-10-06 22:13:19,687 INFO LoadWorker [Thread-281] LoadWorkerstarting to create loads.
2020-10-06 22:13:19,687 INFO LoadWorker [Thread-282] LoadWorkerstarting to create loads.
2020-10-06 22:13:19,687 INFO LoadWorker [Thread-283] LoadWorkerstarting to create loads.
2020-10-06 22:13:19,687 INFO LoadWorker [Thread-284] LoadWorkerstarting to create loads.
2020-10-06 22:13:19,688 INFO LoadWorker [Thread-285] LoadWorkerstarting to create loads.
2020-10-06 22:13:19,688 INFO LoadWorker [Thread-286] LoadWorkerstarting to create loads.
2020-10-06 22:13:19,688 INFO LoadWorker [Thread-287] LoadWorkerstarting to create loads.
2020-10-06 22:13:19,688 INFO LoadWorker [Thread-288] LoadWorkerstarting to create loads.
2020-10-06 22:13:19,688 INFO LoadWorker [Thread-289] LoadWorkerstarting to create loads.
2020-10-06 22:13:19,688 INFO LoadWorker [Thread-290] LoadWorkerstarting to create loads.
2020-10-06 22:13:19,688 INFO LoadWorker [Thread-291] LoadWorkerstarting to create loads.
2020-10-06 22:13:19,688 INFO LoadWorker [Thread-292] LoadWorkerstarting to create loads.
2020-10-06 22:13:19,689 INFO LoadWorker [Thread-293] LoadWorkerstarting to create loads.
2020-10-06 22:13:19,689 INFO LoadWorker [Thread-294] LoadWorkerstarting to create loads.
2020-10-06 22:13:19,689 INFO LoadWorker [Thread-295] LoadWorkerstarting to create loads.
2020-10-06 22:13:19,689 INFO LoadWorker [Thread-296] LoadWorkerstarting to create loads.
2020-10-06 22:13:19,689 INFO LoadWorker [Thread-297] LoadWorkerstarting to create loads.
2020-10-06 22:13:19,689 INFO LoadWorker [Thread-298] LoadWorkerstarting to create loads.
2020-10-06 22:13:19,689 INFO LoadWorker [Thread-299] LoadWorkerstarting to create loads.
2020-10-06 22:13:19,689 INFO LoadWorker [Thread-300] LoadWorkerstarting to create loads.
2020-10-06 22:13:19,689 INFO LoadWorker [Thread-301] LoadWorkerstarting to create loads.
2020-10-06 22:13:19,690 INFO LoadWorker [Thread-302] LoadWorkerstarting to create loads.
2020-10-06 22:13:19,690 INFO LoadWorker [Thread-304] LoadWorkerstarting to create loads.
2020-10-06 22:13:19,690 INFO LoadWorker [Thread-305] LoadWorkerstarting to create loads.
2020-10-06 22:13:19,690 INFO LoadWorker [Thread-303] LoadWorkerstarting to create loads.
2020-10-06 22:13:19,691 INFO LoadWorker [Thread-306] LoadWorkerstarting to create loads.
2020-10-06 22:13:19,691 INFO LoadWorker [Thread-307] LoadWorkerstarting to create loads.
2020-10-06 22:13:19,691 INFO LoadWorker [Thread-308] LoadWorkerstarting to create loads.
2020-10-06 22:13:19,691 INFO LoadWorker [Thread-309] LoadWorkerstarting to create loads.
2020-10-06 22:13:19,691 INFO LoadWorker [Thread-310] LoadWorkerstarting to create loads.
2020-10-06 22:13:19,692 INFO LoadWorker [Thread-311] LoadWorkerstarting to create loads.
2020-10-06 22:13:19,692 INFO LoadWorker [Thread-312] LoadWorkerstarting to create loads.
2020-10-06 22:13:19,692 INFO LoadWorker [Thread-313] LoadWorkerstarting to create loads.
2020-10-06 22:13:19,692 INFO LoadWorker [Thread-315] LoadWorkerstarting to create loads.
2020-10-06 22:13:19,692 INFO LoadWorker [Thread-314] LoadWorkerstarting to create loads.
2020-10-06 22:13:19,693 INFO LoadWorker [Thread-316] LoadWorkerstarting to create loads.
2020-10-06 22:13:19,693 INFO LoadWorker [Thread-317] LoadWorkerstarting to create loads.
2020-10-06 22:13:19,694 INFO LoadWorker [Thread-318] LoadWorkerstarting to create loads.
2020-10-06 22:13:19,694 INFO LoadWorker [Thread-319] LoadWorkerstarting to create loads.
2020-10-06 22:13:19,694 INFO LoadWorker [Thread-320] LoadWorkerstarting to create loads.
2020-10-06 22:13:19,694 INFO LoadWorker [Thread-321] LoadWorkerstarting to create loads.
2020-10-06 22:13:19,694 INFO LoadWorker [Thread-322] LoadWorkerstarting to create loads.
2020-10-06 22:13:19,694 INFO LoadWorker [Thread-323] LoadWorkerstarting to create loads.
2020-10-06 22:13:19,694 INFO LoadWorker [Thread-324] LoadWorkerstarting to create loads.
2020-10-06 22:13:19,694 INFO LoadWorker [Thread-325] LoadWorkerstarting to create loads.
2020-10-06 22:13:19,695 INFO LoadWorker [Thread-326] LoadWorkerstarting to create loads.
2020-10-06 22:13:19,695 INFO LoadWorker [Thread-327] LoadWorkerstarting to create loads.
2020-10-06 22:13:19,695 INFO LoadWorker [Thread-328] LoadWorkerstarting to create loads.
2020-10-06 22:13:19,695 INFO LoadWorker [Thread-329] LoadWorkerstarting to create loads.
2020-10-06 22:13:19,695 INFO LoadWorker [Thread-330] LoadWorkerstarting to create loads.
2020-10-06 22:13:19,695 INFO LoadWorker [Thread-331] LoadWorkerstarting to create loads.
2020-10-06 22:13:19,695 INFO LoadWorker [Thread-332] LoadWorkerstarting to create loads.
2020-10-06 22:13:19,695 INFO LoadWorker [Thread-333] LoadWorkerstarting to create loads.
2020-10-06 22:13:19,695 INFO LoadWorker [Thread-334] LoadWorkerstarting to create loads.
2020-10-06 22:13:19,696 INFO LoadWorker [Thread-335] LoadWorkerstarting to create loads.
2020-10-06 22:13:19,696 INFO LoadWorker [Thread-336] LoadWorkerstarting to create loads.
2020-10-06 22:13:19,696 INFO LoadWorker [Thread-337] LoadWorkerstarting to create loads.
2020-10-06 22:13:19,696 INFO LoadWorker [Thread-338] LoadWorkerstarting to create loads.
2020-10-06 22:13:19,696 INFO LoadWorker [Thread-339] LoadWorkerstarting to create loads.
2020-10-06 22:13:19,696 INFO LoadWorker [Thread-340] LoadWorkerstarting to create loads.
2020-10-06 22:13:19,696 INFO LoadWorker [Thread-341] LoadWorkerstarting to create loads.
2020-10-06 22:13:19,696 INFO LoadWorker [Thread-342] LoadWorkerstarting to create loads.
2020-10-06 22:13:19,696 INFO LoadWorker [Thread-343] LoadWorkerstarting to create loads.
2020-10-06 22:13:19,697 INFO LoadWorker [Thread-344] LoadWorkerstarting to create loads.
2020-10-06 22:13:19,697 INFO LoadWorker [Thread-345] LoadWorkerstarting to create loads.
2020-10-06 22:13:19,697 INFO LoadWorker [Thread-346] LoadWorkerstarting to create loads.
2020-10-06 22:13:19,697 INFO LoadWorker [Thread-347] LoadWorkerstarting to create loads.
2020-10-06 22:13:19,697 INFO LoadWorker [Thread-348] LoadWorkerstarting to create loads.
2020-10-06 22:13:19,697 INFO LoadWorker [Thread-349] LoadWorkerstarting to create loads.
2020-10-06 22:13:19,697 INFO LoadWorker [Thread-350] LoadWorkerstarting to create loads.
2020-10-06 22:13:19,697 INFO LoadWorker [Thread-351] LoadWorkerstarting to create loads.
2020-10-06 22:13:19,697 INFO LoadWorker [Thread-352] LoadWorkerstarting to create loads.
2020-10-06 22:13:19,698 INFO LoadWorker [Thread-353] LoadWorkerstarting to create loads.
2020-10-06 22:13:19,698 INFO LoadWorker [Thread-354] LoadWorkerstarting to create loads.
2020-10-06 22:13:19,698 INFO LoadWorker [Thread-355] LoadWorkerstarting to create loads.
2020-10-06 22:13:19,698 INFO LoadWorker [Thread-356] LoadWorkerstarting to create loads.
2020-10-06 22:13:19,698 INFO LoadWorker [Thread-357] LoadWorkerstarting to create loads.
2020-10-06 22:13:19,698 INFO LoadWorker [Thread-358] LoadWorkerstarting to create loads.
2020-10-06 22:13:19,699 INFO LoadWorker [Thread-359] LoadWorkerstarting to create loads.
2020-10-06 22:13:19,699 INFO LoadWorker [Thread-360] LoadWorkerstarting to create loads.
2020-10-06 22:13:19,699 INFO LoadWorker [Thread-361] LoadWorkerstarting to create loads.
2020-10-06 22:13:19,699 INFO LoadWorker [Thread-362] LoadWorkerstarting to create loads.
2020-10-06 22:13:19,699 INFO LoadWorker [Thread-363] LoadWorkerstarting to create loads.
2020-10-06 22:13:19,699 INFO LoadWorker [Thread-364] LoadWorkerstarting to create loads.
2020-10-06 22:13:19,699 INFO LoadWorker [Thread-365] LoadWorkerstarting to create loads.
2020-10-06 22:13:19,699 INFO LoadWorker [Thread-366] LoadWorkerstarting to create loads.
2020-10-06 22:13:19,699 INFO LoadWorker [Thread-367] LoadWorkerstarting to create loads.
2020-10-06 22:13:19,700 INFO LoadWorker [Thread-368] LoadWorkerstarting to create loads.
2020-10-06 22:13:19,700 INFO LoadWorker [Thread-369] LoadWorkerstarting to create loads.
2020-10-06 22:13:19,700 INFO LoadWorker [Thread-370] LoadWorkerstarting to create loads.
2020-10-06 22:13:19,700 INFO LoadWorker [Thread-371] LoadWorkerstarting to create loads.
2020-10-06 22:13:19,700 INFO LoadWorker [Thread-372] LoadWorkerstarting to create loads.
2020-10-06 22:13:19,700 INFO LoadWorker [Thread-373] LoadWorkerstarting to create loads.
2020-10-06 22:13:19,700 INFO LoadWorker [Thread-374] LoadWorkerstarting to create loads.
2020-10-06 22:13:19,700 INFO LoadWorker [Thread-375] LoadWorkerstarting to create loads.
2020-10-06 22:13:19,701 INFO LoadWorker [Thread-376] LoadWorkerstarting to create loads.
2020-10-06 22:13:19,701 INFO LoadWorker [Thread-377] LoadWorkerstarting to create loads.
2020-10-06 22:13:19,701 INFO LoadWorker [Thread-378] LoadWorkerstarting to create loads.
2020-10-06 22:13:19,701 INFO LoadWorker [Thread-379] LoadWorkerstarting to create loads.
2020-10-06 22:13:19,701 INFO LoadWorker [Thread-380] LoadWorkerstarting to create loads.
2020-10-06 22:13:19,701 INFO LoadWorker [Thread-381] LoadWorkerstarting to create loads.
2020-10-06 22:13:19,701 INFO LoadWorker [Thread-382] LoadWorkerstarting to create loads.
2020-10-06 22:13:19,702 INFO LoadWorker [Thread-383] LoadWorkerstarting to create loads.
2020-10-06 22:13:19,702 INFO LoadWorker [Thread-384] LoadWorkerstarting to create loads.
2020-10-06 22:13:19,702 INFO LoadWorker [Thread-385] LoadWorkerstarting to create loads.
2020-10-06 22:13:21,971 INFO LoadGenerator [Thread-386] Starting generate loads with LoadWorkerCoolDown
2020-10-06 22:13:21,972 INFO LoadWorker [Thread-387] LoadWorkerCoolDownstarting to create loads.
2020-10-06 22:13:21,972 INFO LoadWorker [Thread-388] LoadWorkerCoolDownstarting to create loads.
2020-10-06 22:13:21,972 INFO LoadWorker [Thread-389] LoadWorkerCoolDownstarting to create loads.
2020-10-06 22:13:21,973 INFO LoadWorker [Thread-390] LoadWorkerCoolDownstarting to create loads.
2020-10-06 22:13:21,973 INFO LoadWorker [Thread-391] LoadWorkerCoolDownstarting to create loads.
2020-10-06 22:13:21,973 INFO LoadWorker [Thread-392] LoadWorkerCoolDownstarting to create loads.
2020-10-06 22:13:21,973 INFO LoadWorker [Thread-393] LoadWorkerCoolDownstarting to create loads.
2020-10-06 22:13:21,973 INFO LoadWorker [Thread-394] LoadWorkerCoolDownstarting to create loads.
2020-10-06 22:13:21,973 INFO LoadWorker [Thread-395] LoadWorkerCoolDownstarting to create loads.
2020-10-06 22:13:21,973 INFO LoadWorker [Thread-396] LoadWorkerCoolDownstarting to create loads.
2020-10-06 22:13:21,973 INFO LoadWorker [Thread-397] LoadWorkerCoolDownstarting to create loads.
2020-10-06 22:13:21,974 INFO LoadWorker [Thread-399] LoadWorkerCoolDownstarting to create loads.
2020-10-06 22:13:21,974 INFO LoadWorker [Thread-398] LoadWorkerCoolDownstarting to create loads.
2020-10-06 22:13:21,974 INFO LoadWorker [Thread-400] LoadWorkerCoolDownstarting to create loads.
2020-10-06 22:13:21,974 INFO LoadWorker [Thread-401] LoadWorkerCoolDownstarting to create loads.
2020-10-06 22:13:21,974 INFO LoadWorker [Thread-402] LoadWorkerCoolDownstarting to create loads.
2020-10-06 22:13:21,974 INFO LoadWorker [Thread-403] LoadWorkerCoolDownstarting to create loads.
2020-10-06 22:13:21,974 INFO LoadWorker [Thread-404] LoadWorkerCoolDownstarting to create loads.
2020-10-06 22:13:21,974 INFO LoadWorker [Thread-405] LoadWorkerCoolDownstarting to create loads.
2020-10-06 22:13:21,974 INFO LoadWorker [Thread-406] LoadWorkerCoolDownstarting to create loads.
2020-10-06 22:13:21,975 INFO LoadWorker [Thread-407] LoadWorkerCoolDownstarting to create loads.
2020-10-06 22:13:21,975 INFO LoadWorker [Thread-408] LoadWorkerCoolDownstarting to create loads.
2020-10-06 22:13:21,975 INFO LoadWorker [Thread-409] LoadWorkerCoolDownstarting to create loads.
2020-10-06 22:13:21,975 INFO LoadWorker [Thread-410] LoadWorkerCoolDownstarting to create loads.
2020-10-06 22:13:21,975 INFO LoadWorker [Thread-411] LoadWorkerCoolDownstarting to create loads.
2020-10-06 22:13:21,975 INFO LoadWorker [Thread-412] LoadWorkerCoolDownstarting to create loads.
2020-10-06 22:13:21,975 INFO LoadWorker [Thread-413] LoadWorkerCoolDownstarting to create loads.
2020-10-06 22:13:21,975 INFO LoadWorker [Thread-414] LoadWorkerCoolDownstarting to create loads.
2020-10-06 22:13:21,975 INFO LoadWorker [Thread-415] LoadWorkerCoolDownstarting to create loads.
2020-10-06 22:13:21,976 INFO LoadWorker [Thread-416] LoadWorkerCoolDownstarting to create loads.
2020-10-06 22:13:21,976 INFO LoadWorker [Thread-418] LoadWorkerCoolDownstarting to create loads.
2020-10-06 22:13:21,976 INFO LoadWorker [Thread-417] LoadWorkerCoolDownstarting to create loads.
2020-10-06 22:13:21,976 INFO LoadWorker [Thread-419] LoadWorkerCoolDownstarting to create loads.
2020-10-06 22:13:21,976 INFO LoadWorker [Thread-420] LoadWorkerCoolDownstarting to create loads.
2020-10-06 22:13:21,976 INFO LoadWorker [Thread-421] LoadWorkerCoolDownstarting to create loads.
2020-10-06 22:13:21,976 INFO LoadWorker [Thread-422] LoadWorkerCoolDownstarting to create loads.
2020-10-06 22:13:21,977 INFO LoadWorker [Thread-423] LoadWorkerCoolDownstarting to create loads.
2020-10-06 22:13:21,977 INFO LoadWorker [Thread-424] LoadWorkerCoolDownstarting to create loads.
2020-10-06 22:13:21,977 INFO LoadWorker [Thread-425] LoadWorkerCoolDownstarting to create loads.
2020-10-06 22:13:21,977 INFO LoadWorker [Thread-426] LoadWorkerCoolDownstarting to create loads.
2020-10-06 22:13:21,977 INFO LoadWorker [Thread-427] LoadWorkerCoolDownstarting to create loads.
2020-10-06 22:13:21,977 INFO LoadWorker [Thread-428] LoadWorkerCoolDownstarting to create loads.
2020-10-06 22:13:21,977 INFO LoadWorker [Thread-429] LoadWorkerCoolDownstarting to create loads.
2020-10-06 22:13:21,977 INFO LoadWorker [Thread-430] LoadWorkerCoolDownstarting to create loads.
2020-10-06 22:13:21,978 INFO LoadWorker [Thread-432] LoadWorkerCoolDownstarting to create loads.
2020-10-06 22:13:21,977 INFO LoadWorker [Thread-431] LoadWorkerCoolDownstarting to create loads.
2020-10-06 22:13:21,978 INFO LoadWorker [Thread-433] LoadWorkerCoolDownstarting to create loads.
2020-10-06 22:13:21,978 INFO LoadWorker [Thread-434] LoadWorkerCoolDownstarting to create loads.
2020-10-06 22:13:21,978 INFO LoadWorker [Thread-435] LoadWorkerCoolDownstarting to create loads.
2020-10-06 22:13:21,978 INFO LoadWorker [Thread-436] LoadWorkerCoolDownstarting to create loads.
2020-10-06 22:13:21,978 INFO LoadWorker [Thread-437] LoadWorkerCoolDownstarting to create loads.
2020-10-06 22:13:21,978 INFO LoadWorker [Thread-438] LoadWorkerCoolDownstarting to create loads.
2020-10-06 22:13:21,978 INFO LoadWorker [Thread-439] LoadWorkerCoolDownstarting to create loads.
2020-10-06 22:13:21,979 INFO LoadWorker [Thread-440] LoadWorkerCoolDownstarting to create loads.
2020-10-06 22:13:21,979 INFO LoadWorker [Thread-441] LoadWorkerCoolDownstarting to create loads.
2020-10-06 22:13:21,979 INFO LoadWorker [Thread-442] LoadWorkerCoolDownstarting to create loads.
2020-10-06 22:13:21,979 INFO LoadWorker [Thread-443] LoadWorkerCoolDownstarting to create loads.
2020-10-06 22:13:21,979 INFO LoadWorker [Thread-444] LoadWorkerCoolDownstarting to create loads.
2020-10-06 22:13:21,979 INFO LoadWorker [Thread-445] LoadWorkerCoolDownstarting to create loads.
2020-10-06 22:13:21,979 INFO LoadWorker [Thread-446] LoadWorkerCoolDownstarting to create loads.
2020-10-06 22:13:21,980 INFO LoadWorker [Thread-447] LoadWorkerCoolDownstarting to create loads.
2020-10-06 22:13:21,980 INFO LoadWorker [Thread-448] LoadWorkerCoolDownstarting to create loads.
2020-10-06 22:13:21,980 INFO LoadWorker [Thread-449] LoadWorkerCoolDownstarting to create loads.
2020-10-06 22:13:21,980 INFO LoadWorker [Thread-450] LoadWorkerCoolDownstarting to create loads.
